2020-10-09T17:07:14-0400 [INFO    ] dandi Traversing remote dandisets (000022) recursively
2020-10-09T17:07:14-0400 [INFO    ] backups2datalad.py Updating metadata file
2020-10-09T17:07:25-0400 [INFO    ] backups2datalad.py Syncing asset /sub-744912845/sub-744912845_ses-766640955.nwb
2020-10-09T17:07:25-0400 [INFO    ] backups2datalad.py Asset in dataset, and hash shows no modification; will not update
2020-10-09T17:07:25-0400 [INFO    ] backups2datalad.py Syncing asset /sub-744912845/sub-744912845_ses-766640955_probe-773592315_ecephys.nwb
2020-10-09T17:07:26-0400 [INFO    ] backups2datalad.py Asset in dataset, and hash shows no modification; will not update
2020-10-09T17:07:26-0400 [INFO    ] backups2datalad.py Syncing asset /sub-744912845/sub-744912845_ses-766640955_probe-773592318_ecephys.nwb
2020-10-09T17:07:26-0400 [INFO    ] backups2datalad.py Asset in dataset, and hash shows no modification; will not update
2020-10-09T17:07:26-0400 [INFO    ] backups2datalad.py Syncing asset /sub-744912845/sub-744912845_ses-766640955_probe-773592320_ecephys.nwb
2020-10-09T17:07:27-0400 [INFO    ] backups2datalad.py Asset in dataset, and hash shows no modification; will not update
2020-10-09T17:07:27-0400 [INFO    ] backups2datalad.py Syncing asset /sub-744912845/sub-744912845_ses-766640955_probe-773592324_ecephys.nwb
2020-10-09T17:07:27-0400 [INFO    ] backups2datalad.py Asset in dataset, and hash shows no modification; will not update
2020-10-09T17:07:27-0400 [INFO    ] backups2datalad.py Syncing asset /sub-744912845/sub-744912845_ses-766640955_probe-773592328_ecephys.nwb
2020-10-09T17:07:27-0400 [INFO    ] backups2datalad.py Asset in dataset, and hash shows no modification; will not update
2020-10-09T17:07:27-0400 [INFO    ] backups2datalad.py Syncing asset /sub-744912845/sub-744912845_ses-766640955_probe-773592330_ecephys.nwb
2020-10-09T17:07:28-0400 [INFO    ] backups2datalad.py Asset in dataset, and hash shows no modification; will not update
2020-10-09T17:07:28-0400 [INFO    ] backups2datalad.py Syncing asset /sub-753795604/sub-753795604_ses-767871931.nwb
2020-10-09T17:07:28-0400 [INFO    ] backups2datalad.py Asset in dataset, and hash shows no modification; will not update
2020-10-09T17:07:28-0400 [INFO    ] backups2datalad.py Syncing asset /sub-753795604/sub-753795604_ses-767871931_probe-773462985_ecephys.nwb
2020-10-09T17:07:28-0400 [INFO    ] backups2datalad.py Asset in dataset, and hash shows no modification; will not update
2020-10-09T17:07:28-0400 [INFO    ] backups2datalad.py Syncing asset /sub-753795604/sub-753795604_ses-767871931_probe-773462990_ecephys.nwb
2020-10-09T17:07:29-0400 [INFO    ] backups2datalad.py Asset in dataset, and hash shows no modification; will not update
2020-10-09T17:07:29-0400 [INFO    ] backups2datalad.py Syncing asset /sub-753795604/sub-753795604_ses-767871931_probe-773462993_ecephys.nwb
2020-10-09T17:07:29-0400 [INFO    ] backups2datalad.py Asset in dataset, and hash shows no modification; will not update
2020-10-09T17:07:29-0400 [INFO    ] backups2datalad.py Syncing asset /sub-753795604/sub-753795604_ses-767871931_probe-773462995_ecephys.nwb
2020-10-09T17:07:29-0400 [INFO    ] backups2datalad.py Asset in dataset, and hash shows no modification; will not update
2020-10-09T17:07:29-0400 [INFO    ] backups2datalad.py Syncing asset /sub-753795604/sub-753795604_ses-767871931_probe-773462997_ecephys.nwb
2020-10-09T17:07:30-0400 [INFO    ] backups2datalad.py Asset in dataset, and hash shows no modification; will not update
2020-10-09T17:07:30-0400 [INFO    ] backups2datalad.py Syncing asset /sub-753795604/sub-753795604_ses-767871931_probe-773462999_ecephys.nwb
2020-10-09T17:07:30-0400 [INFO    ] backups2datalad.py Asset in dataset, and hash shows no modification; will not update
2020-10-09T17:07:30-0400 [INFO    ] backups2datalad.py Syncing asset /sub-754477355/sub-754477355_ses-768515987.nwb
2020-10-09T17:07:31-0400 [INFO    ] backups2datalad.py Asset in dataset, and hash shows no modification; will not update
2020-10-09T17:07:31-0400 [INFO    ] backups2datalad.py Syncing asset /sub-754477355/sub-754477355_ses-768515987_probe-773549842_ecephys.nwb
2020-10-09T17:07:31-0400 [INFO    ] backups2datalad.py Asset in dataset, and hash shows no modification; will not update
2020-10-09T17:07:31-0400 [INFO    ] backups2datalad.py Syncing asset /sub-754477355/sub-754477355_ses-768515987_probe-773549846_ecephys.nwb
2020-10-09T17:07:31-0400 [INFO    ] backups2datalad.py Asset in dataset, and hash shows no modification; will not update
2020-10-09T17:07:31-0400 [INFO    ] backups2datalad.py Syncing asset /sub-754477355/sub-754477355_ses-768515987_probe-773549848_ecephys.nwb
2020-10-09T17:07:32-0400 [INFO    ] backups2datalad.py Asset in dataset, and hash shows no modification; will not update
2020-10-09T17:07:32-0400 [INFO    ] backups2datalad.py Syncing asset /sub-754477355/sub-754477355_ses-768515987_probe-773549850_ecephys.nwb
2020-10-09T17:07:32-0400 [INFO    ] backups2datalad.py Asset in dataset, and hash shows no modification; will not update
2020-10-09T17:07:32-0400 [INFO    ] backups2datalad.py Syncing asset /sub-754477355/sub-754477355_ses-768515987_probe-773549852_ecephys.nwb
2020-10-09T17:07:32-0400 [INFO    ] backups2datalad.py Asset in dataset, and hash shows no modification; will not update
2020-10-09T17:07:32-0400 [INFO    ] backups2datalad.py Syncing asset /sub-754477355/sub-754477355_ses-768515987_probe-773549856_ecephys.nwb
2020-10-09T17:07:33-0400 [INFO    ] backups2datalad.py Asset in dataset, and hash shows no modification; will not update
2020-10-09T17:07:33-0400 [INFO    ] backups2datalad.py Syncing asset /sub-754488976/sub-754488976_ses-771160300.nwb
2020-10-09T17:07:33-0400 [INFO    ] backups2datalad.py Asset in dataset, and hash shows no modification; will not update
2020-10-09T17:07:33-0400 [INFO    ] backups2datalad.py Syncing asset /sub-754488976/sub-754488976_ses-771160300_probe-773621937_ecephys.nwb
2020-10-09T17:07:33-0400 [INFO    ] backups2datalad.py Asset in dataset, and hash shows no modification; will not update
2020-10-09T17:07:33-0400 [INFO    ] backups2datalad.py Syncing asset /sub-754488976/sub-754488976_ses-771160300_probe-773621939_ecephys.nwb
2020-10-09T17:07:34-0400 [INFO    ] backups2datalad.py Asset in dataset, and hash shows no modification; will not update
2020-10-09T17:07:34-0400 [INFO    ] backups2datalad.py Syncing asset /sub-754488976/sub-754488976_ses-771160300_probe-773621942_ecephys.nwb
2020-10-09T17:07:34-0400 [INFO    ] backups2datalad.py Asset in dataset, and hash shows no modification; will not update
2020-10-09T17:07:34-0400 [INFO    ] backups2datalad.py Syncing asset /sub-754488976/sub-754488976_ses-771160300_probe-773621945_ecephys.nwb
2020-10-09T17:07:34-0400 [INFO    ] backups2datalad.py Asset in dataset, and hash shows no modification; will not update
2020-10-09T17:07:34-0400 [INFO    ] backups2datalad.py Syncing asset /sub-754488976/sub-754488976_ses-771160300_probe-773621948_ecephys.nwb
2020-10-09T17:07:35-0400 [INFO    ] backups2datalad.py Asset in dataset, and hash shows no modification; will not update
2020-10-09T17:07:35-0400 [INFO    ] backups2datalad.py Syncing asset /sub-754488976/sub-754488976_ses-771160300_probe-773621950_ecephys.nwb
2020-10-09T17:07:35-0400 [INFO    ] backups2datalad.py Asset in dataset, and hash shows no modification; will not update
2020-10-09T17:07:35-0400 [INFO    ] backups2datalad.py Syncing asset /sub-756578432/sub-756578432_ses-771990200.nwb
2020-10-09T17:07:35-0400 [INFO    ] backups2datalad.py Asset in dataset, and hash shows no modification; will not update
2020-10-09T17:07:35-0400 [INFO    ] backups2datalad.py Syncing asset /sub-756578432/sub-756578432_ses-771990200_probe-773654723_ecephys.nwb
2020-10-09T17:07:36-0400 [INFO    ] backups2datalad.py Asset in dataset, and hash shows no modification; will not update
2020-10-09T17:07:36-0400 [INFO    ] backups2datalad.py Syncing asset /sub-756578432/sub-756578432_ses-771990200_probe-773654726_ecephys.nwb
2020-10-09T17:07:36-0400 [INFO    ] backups2datalad.py Asset in dataset, and hash shows no modification; will not update
2020-10-09T17:07:36-0400 [INFO    ] backups2datalad.py Syncing asset /sub-756578432/sub-756578432_ses-771990200_probe-773654728_ecephys.nwb
2020-10-09T17:07:37-0400 [INFO    ] backups2datalad.py Asset in dataset, and hash shows no modification; will not update
2020-10-09T17:07:37-0400 [INFO    ] backups2datalad.py Syncing asset /sub-756578432/sub-756578432_ses-771990200_probe-773654730_ecephys.nwb
2020-10-09T17:07:37-0400 [INFO    ] backups2datalad.py Asset in dataset, and hash shows no modification; will not update
2020-10-09T17:07:37-0400 [INFO    ] backups2datalad.py Syncing asset /sub-756578432/sub-756578432_ses-771990200_probe-773654732_ecephys.nwb
2020-10-09T17:07:37-0400 [INFO    ] backups2datalad.py Asset in dataset, and hash shows no modification; will not update
2020-10-09T17:07:37-0400 [INFO    ] backups2datalad.py Syncing asset /sub-756578432/sub-756578432_ses-771990200_probe-773654734_ecephys.nwb
2020-10-09T17:07:38-0400 [INFO    ] backups2datalad.py Asset in dataset, and hash shows no modification; will not update
2020-10-09T17:07:38-0400 [INFO    ] backups2datalad.py Syncing asset /sub-759674767/sub-759674767_ses-778998620.nwb
2020-10-09T17:07:38-0400 [INFO    ] backups2datalad.py Asset in dataset, and hash shows no modification; will not update
2020-10-09T17:07:38-0400 [INFO    ] backups2datalad.py Syncing asset /sub-759674767/sub-759674767_ses-778998620_probe-792626841_ecephys.nwb
2020-10-09T17:07:38-0400 [INFO    ] backups2datalad.py Asset in dataset, and hash shows no modification; will not update
2020-10-09T17:07:38-0400 [INFO    ] backups2datalad.py Syncing asset /sub-759674767/sub-759674767_ses-778998620_probe-792626844_ecephys.nwb
2020-10-09T17:07:39-0400 [INFO    ] backups2datalad.py Asset in dataset, and hash shows no modification; will not update
2020-10-09T17:07:39-0400 [INFO    ] backups2datalad.py Syncing asset /sub-759674767/sub-759674767_ses-778998620_probe-792626847_ecephys.nwb
2020-10-09T17:07:39-0400 [INFO    ] backups2datalad.py Asset in dataset, and hash shows no modification; will not update
2020-10-09T17:07:39-0400 [INFO    ] backups2datalad.py Syncing asset /sub-759674767/sub-759674767_ses-778998620_probe-792626851_ecephys.nwb
2020-10-09T17:07:39-0400 [INFO    ] backups2datalad.py Asset in dataset, and hash shows no modification; will not update
2020-10-09T17:07:39-0400 [INFO    ] backups2datalad.py Syncing asset /sub-759674767/sub-759674767_ses-778998620_probe-792626853_ecephys.nwb
2020-10-09T17:07:40-0400 [INFO    ] backups2datalad.py Asset in dataset, and hash shows no modification; will not update
2020-10-09T17:07:40-0400 [INFO    ] backups2datalad.py Syncing asset /sub-759674767/sub-759674767_ses-778998620_probe-792626855_ecephys.nwb
2020-10-09T17:07:40-0400 [INFO    ] backups2datalad.py Asset in dataset, and hash shows no modification; will not update
2020-10-09T17:07:40-0400 [INFO    ] backups2datalad.py Syncing asset /sub-759711149/sub-759711149_ses-774875821.nwb
2020-10-09T17:07:41-0400 [INFO    ] backups2datalad.py Asset in dataset, and hash shows no modification; will not update
2020-10-09T17:07:41-0400 [INFO    ] backups2datalad.py Syncing asset /sub-759711149/sub-759711149_ses-774875821_probe-792602650_ecephys.nwb
2020-10-09T17:07:41-0400 [INFO    ] backups2datalad.py Asset in dataset, and hash shows no modification; will not update
2020-10-09T17:07:41-0400 [INFO    ] backups2datalad.py Syncing asset /sub-759711149/sub-759711149_ses-774875821_probe-792602652_ecephys.nwb
2020-10-09T17:07:41-0400 [INFO    ] backups2datalad.py Asset in dataset, and hash shows no modification; will not update
2020-10-09T17:07:41-0400 [INFO    ] backups2datalad.py Syncing asset /sub-759711149/sub-759711149_ses-774875821_probe-792602654_ecephys.nwb
2020-10-09T17:07:42-0400 [INFO    ] backups2datalad.py Asset in dataset, and hash shows no modification; will not update
2020-10-09T17:07:42-0400 [INFO    ] backups2datalad.py Syncing asset /sub-759711149/sub-759711149_ses-774875821_probe-792602656_ecephys.nwb
2020-10-09T17:07:42-0400 [INFO    ] backups2datalad.py Asset in dataset, and hash shows no modification; will not update
2020-10-09T17:07:42-0400 [INFO    ] backups2datalad.py Syncing asset /sub-759711149/sub-759711149_ses-774875821_probe-792602658_ecephys.nwb
2020-10-09T17:07:42-0400 [INFO    ] backups2datalad.py Asset in dataset, and hash shows no modification; will not update
2020-10-09T17:07:42-0400 [INFO    ] backups2datalad.py Syncing asset /sub-759711149/sub-759711149_ses-774875821_probe-792602660_ecephys.nwb
2020-10-09T17:07:43-0400 [INFO    ] backups2datalad.py Asset in dataset, and hash shows no modification; will not update
2020-10-09T17:07:43-0400 [INFO    ] backups2datalad.py Syncing asset /sub-760938794/sub-760938794_ses-778240327.nwb
2020-10-09T17:07:43-0400 [INFO    ] backups2datalad.py Asset in dataset, and hash shows no modification; will not update
2020-10-09T17:07:43-0400 [INFO    ] backups2datalad.py Syncing asset /sub-760938794/sub-760938794_ses-778240327_probe-792607545_ecephys.nwb
2020-10-09T17:07:44-0400 [INFO    ] backups2datalad.py Asset in dataset, and hash shows no modification; will not update
2020-10-09T17:07:44-0400 [INFO    ] backups2datalad.py Syncing asset /sub-760938794/sub-760938794_ses-778240327_probe-792607547_ecephys.nwb
2020-10-09T17:07:44-0400 [INFO    ] backups2datalad.py Asset in dataset, and hash shows no modification; will not update
2020-10-09T17:07:44-0400 [INFO    ] backups2datalad.py Syncing asset /sub-760938794/sub-760938794_ses-778240327_probe-792607549_ecephys.nwb
2020-10-09T17:07:44-0400 [INFO    ] backups2datalad.py Asset in dataset, and hash shows no modification; will not update
2020-10-09T17:07:44-0400 [INFO    ] backups2datalad.py Syncing asset /sub-760938794/sub-760938794_ses-778240327_probe-792607553_ecephys.nwb
2020-10-09T17:07:45-0400 [INFO    ] backups2datalad.py Asset in dataset, and hash shows no modification; will not update
2020-10-09T17:07:45-0400 [INFO    ] backups2datalad.py Syncing asset /sub-760938794/sub-760938794_ses-778240327_probe-792607557_ecephys.nwb
2020-10-09T17:07:45-0400 [INFO    ] backups2datalad.py Asset in dataset, and hash shows no modification; will not update
2020-10-09T17:07:45-0400 [INFO    ] backups2datalad.py Syncing asset /sub-760938794/sub-760938794_ses-778240327_probe-792607559_ecephys.nwb
2020-10-09T17:07:46-0400 [INFO    ] backups2datalad.py Asset in dataset, and hash shows no modification; will not update
2020-10-09T17:07:46-0400 [INFO    ] backups2datalad.py Syncing asset /sub-760946810/sub-760946810_ses-781842082.nwb
2020-10-09T17:07:46-0400 [INFO    ] backups2datalad.py Asset in dataset, and hash shows no modification; will not update
2020-10-09T17:07:46-0400 [INFO    ] backups2datalad.py Syncing asset /sub-760946810/sub-760946810_ses-781842082_probe-792586876_ecephys.nwb
2020-10-09T17:07:46-0400 [INFO    ] backups2datalad.py Asset in dataset, and hash shows no modification; will not update
2020-10-09T17:07:46-0400 [INFO    ] backups2datalad.py Syncing asset /sub-760946810/sub-760946810_ses-781842082_probe-792586879_ecephys.nwb
2020-10-09T17:07:47-0400 [INFO    ] backups2datalad.py Asset in dataset, and hash shows no modification; will not update
2020-10-09T17:07:47-0400 [INFO    ] backups2datalad.py Syncing asset /sub-760946810/sub-760946810_ses-781842082_probe-792586881_ecephys.nwb
2020-10-09T17:07:47-0400 [INFO    ] backups2datalad.py Asset in dataset, and hash shows no modification; will not update
2020-10-09T17:07:47-0400 [INFO    ] backups2datalad.py Syncing asset /sub-760946810/sub-760946810_ses-781842082_probe-792586883_ecephys.nwb
2020-10-09T17:07:47-0400 [INFO    ] backups2datalad.py Asset in dataset, and hash shows no modification; will not update
2020-10-09T17:07:47-0400 [INFO    ] backups2datalad.py Syncing asset /sub-760946810/sub-760946810_ses-781842082_probe-792586887_ecephys.nwb
2020-10-09T17:07:48-0400 [INFO    ] backups2datalad.py Asset in dataset, and hash shows no modification; will not update
2020-10-09T17:07:48-0400 [INFO    ] backups2datalad.py Syncing asset /sub-760946810/sub-760946810_ses-781842082_probe-792586891_ecephys.nwb
2020-10-09T17:07:48-0400 [INFO    ] backups2datalad.py Asset in dataset, and hash shows no modification; will not update
2020-10-09T17:07:48-0400 [INFO    ] backups2datalad.py Syncing asset /sub-760960650/sub-760960650_ses-779839471.nwb
2020-10-09T17:07:48-0400 [INFO    ] backups2datalad.py Asset in dataset, and hash shows no modification; will not update
2020-10-09T17:07:48-0400 [INFO    ] backups2datalad.py Syncing asset /sub-760960650/sub-760960650_ses-779839471_probe-792645490_ecephys.nwb
2020-10-09T17:07:49-0400 [INFO    ] backups2datalad.py Asset in dataset, and hash shows no modification; will not update
2020-10-09T17:07:49-0400 [INFO    ] backups2datalad.py Syncing asset /sub-760960650/sub-760960650_ses-779839471_probe-792645493_ecephys.nwb
2020-10-09T17:07:49-0400 [INFO    ] backups2datalad.py Asset in dataset, and hash shows no modification; will not update
2020-10-09T17:07:49-0400 [INFO    ] backups2datalad.py Syncing asset /sub-760960650/sub-760960650_ses-779839471_probe-792645497_ecephys.nwb
2020-10-09T17:07:50-0400 [INFO    ] backups2datalad.py Asset in dataset, and hash shows no modification; will not update
2020-10-09T17:07:50-0400 [INFO    ] backups2datalad.py Syncing asset /sub-760960650/sub-760960650_ses-779839471_probe-792645499_ecephys.nwb
2020-10-09T17:07:50-0400 [INFO    ] backups2datalad.py Asset in dataset, and hash shows no modification; will not update
2020-10-09T17:07:50-0400 [INFO    ] backups2datalad.py Syncing asset /sub-760960650/sub-760960650_ses-779839471_probe-792645501_ecephys.nwb
2020-10-09T17:07:50-0400 [INFO    ] backups2datalad.py Asset in dataset, and hash shows no modification; will not update
2020-10-09T17:07:50-0400 [INFO    ] backups2datalad.py Syncing asset /sub-760960650/sub-760960650_ses-779839471_probe-792645504_ecephys.nwb
2020-10-09T17:07:51-0400 [INFO    ] backups2datalad.py Asset in dataset, and hash shows no modification; will not update
2020-10-09T17:07:51-0400 [INFO    ] backups2datalad.py Syncing asset /sub-763236006/sub-763236006_ses-787025148.nwb
2020-10-09T17:07:51-0400 [INFO    ] backups2datalad.py Asset in dataset, and hash shows no modification; will not update
2020-10-09T17:07:51-0400 [INFO    ] backups2datalad.py Syncing asset /sub-763236006/sub-763236006_ses-787025148_probe-792586836_ecephys.nwb
2020-10-09T17:07:51-0400 [INFO    ] backups2datalad.py Asset in dataset, and hash shows no modification; will not update
2020-10-09T17:07:51-0400 [INFO    ] backups2datalad.py Syncing asset /sub-763236006/sub-763236006_ses-787025148_probe-792586840_ecephys.nwb
2020-10-09T17:07:52-0400 [INFO    ] backups2datalad.py Asset in dataset, and hash shows no modification; will not update
2020-10-09T17:07:52-0400 [INFO    ] backups2datalad.py Syncing asset /sub-763236006/sub-763236006_ses-787025148_probe-792586842_ecephys.nwb
2020-10-09T17:07:52-0400 [INFO    ] backups2datalad.py Asset in dataset, and hash shows no modification; will not update
2020-10-09T17:07:52-0400 [INFO    ] backups2datalad.py Syncing asset /sub-763236006/sub-763236006_ses-787025148_probe-792586845_ecephys.nwb
2020-10-09T17:07:52-0400 [INFO    ] backups2datalad.py Asset in dataset, and hash shows no modification; will not update
2020-10-09T17:07:52-0400 [INFO    ] backups2datalad.py Syncing asset /sub-763236006/sub-763236006_ses-787025148_probe-792586848_ecephys.nwb
2020-10-09T17:07:53-0400 [INFO    ] backups2datalad.py Asset in dataset, and hash shows no modification; will not update
2020-10-09T17:07:53-0400 [INFO    ] backups2datalad.py Syncing asset /sub-763236006/sub-763236006_ses-787025148_probe-792586852_ecephys.nwb
2020-10-09T17:07:53-0400 [INFO    ] backups2datalad.py Asset in dataset, and hash shows no modification; will not update
2020-10-09T17:07:53-0400 [INFO    ] backups2datalad.py Syncing asset /sub-763808588/sub-763808588_ses-789848216.nwb
2020-10-09T17:07:54-0400 [INFO    ] backups2datalad.py Asset in dataset, and hash shows no modification; will not update
2020-10-09T17:07:54-0400 [INFO    ] backups2datalad.py Syncing asset /sub-763808588/sub-763808588_ses-789848216_probe-805002027_ecephys.nwb
2020-10-09T17:07:54-0400 [INFO    ] backups2datalad.py Asset in dataset, and hash shows no modification; will not update
2020-10-09T17:07:54-0400 [INFO    ] backups2datalad.py Syncing asset /sub-763808588/sub-763808588_ses-789848216_probe-805002029_ecephys.nwb
2020-10-09T17:07:54-0400 [INFO    ] backups2datalad.py Asset in dataset, and hash shows no modification; will not update
2020-10-09T17:07:54-0400 [INFO    ] backups2datalad.py Syncing asset /sub-763808588/sub-763808588_ses-789848216_probe-805002031_ecephys.nwb
2020-10-09T17:07:55-0400 [INFO    ] backups2datalad.py Asset in dataset, and hash shows no modification; will not update
2020-10-09T17:07:55-0400 [INFO    ] backups2datalad.py Syncing asset /sub-763808588/sub-763808588_ses-789848216_probe-805002033_ecephys.nwb
2020-10-09T17:07:55-0400 [INFO    ] backups2datalad.py Asset in dataset, and hash shows no modification; will not update
2020-10-09T17:07:55-0400 [INFO    ] backups2datalad.py Syncing asset /sub-763808588/sub-763808588_ses-789848216_probe-805002035_ecephys.nwb
2020-10-09T17:07:55-0400 [INFO    ] backups2datalad.py Asset in dataset, and hash shows no modification; will not update
2020-10-09T17:07:55-0400 [INFO    ] backups2datalad.py Syncing asset /sub-763808588/sub-763808588_ses-789848216_probe-805002037_ecephys.nwb
2020-10-09T17:07:56-0400 [INFO    ] backups2datalad.py Asset in dataset, and hash shows no modification; will not update
2020-10-09T17:07:56-0400 [INFO    ] backups2datalad.py Syncing asset /sub-763884096/sub-763884096_ses-786091066.nwb
2020-10-09T17:07:56-0400 [INFO    ] backups2datalad.py Asset in dataset, and hash shows no modification; will not update
2020-10-09T17:07:56-0400 [INFO    ] backups2datalad.py Syncing asset /sub-763884096/sub-763884096_ses-786091066_probe-792623916_ecephys.nwb
2020-10-09T17:07:56-0400 [INFO    ] backups2datalad.py Asset in dataset, and hash shows no modification; will not update
2020-10-09T17:07:56-0400 [INFO    ] backups2datalad.py Syncing asset /sub-763884096/sub-763884096_ses-786091066_probe-792623919_ecephys.nwb
2020-10-09T17:07:57-0400 [INFO    ] backups2datalad.py Asset in dataset, and hash shows no modification; will not update
2020-10-09T17:07:57-0400 [INFO    ] backups2datalad.py Syncing asset /sub-763884096/sub-763884096_ses-786091066_probe-792623921_ecephys.nwb
2020-10-09T17:07:57-0400 [INFO    ] backups2datalad.py Asset in dataset, and hash shows no modification; will not update
2020-10-09T17:07:57-0400 [INFO    ] backups2datalad.py Syncing asset /sub-763884096/sub-763884096_ses-786091066_probe-792623925_ecephys.nwb
2020-10-09T17:07:57-0400 [INFO    ] backups2datalad.py Asset in dataset, and hash shows no modification; will not update
2020-10-09T17:07:57-0400 [INFO    ] backups2datalad.py Syncing asset /sub-763884096/sub-763884096_ses-786091066_probe-792623928_ecephys.nwb
2020-10-09T17:07:58-0400 [INFO    ] backups2datalad.py Asset in dataset, and hash shows no modification; will not update
2020-10-09T17:07:58-0400 [INFO    ] backups2datalad.py Syncing asset /sub-763884096/sub-763884096_ses-786091066_probe-792623931_ecephys.nwb
2020-10-09T17:07:58-0400 [INFO    ] backups2datalad.py Asset in dataset, and hash shows no modification; will not update
2020-10-09T17:07:58-0400 [INFO    ] backups2datalad.py Syncing asset /sub-769319621/sub-769319621_ses-793224716.nwb
2020-10-09T17:07:58-0400 [INFO    ] backups2datalad.py Asset in dataset, and hash shows no modification; will not update
2020-10-09T17:07:58-0400 [INFO    ] backups2datalad.py Syncing asset /sub-769319621/sub-769319621_ses-793224716_probe-805124802_ecephys.nwb
2020-10-09T17:07:59-0400 [INFO    ] backups2datalad.py Asset in dataset, and hash shows no modification; will not update
2020-10-09T17:07:59-0400 [INFO    ] backups2datalad.py Syncing asset /sub-769319621/sub-769319621_ses-793224716_probe-805124804_ecephys.nwb
2020-10-09T17:07:59-0400 [INFO    ] backups2datalad.py Asset in dataset, and hash shows no modification; will not update
2020-10-09T17:07:59-0400 [INFO    ] backups2datalad.py Syncing asset /sub-769319621/sub-769319621_ses-793224716_probe-805124806_ecephys.nwb
2020-10-09T17:08:00-0400 [INFO    ] backups2datalad.py Asset in dataset, and hash shows no modification; will not update
2020-10-09T17:08:00-0400 [INFO    ] backups2datalad.py Syncing asset /sub-769319621/sub-769319621_ses-793224716_probe-805124809_ecephys.nwb
2020-10-09T17:08:00-0400 [INFO    ] backups2datalad.py Asset in dataset, and hash shows no modification; will not update
2020-10-09T17:08:00-0400 [INFO    ] backups2datalad.py Syncing asset /sub-769319621/sub-769319621_ses-793224716_probe-805124812_ecephys.nwb
2020-10-09T17:08:00-0400 [INFO    ] backups2datalad.py Asset in dataset, and hash shows no modification; will not update
2020-10-09T17:08:00-0400 [INFO    ] backups2datalad.py Syncing asset /sub-769319621/sub-769319621_ses-793224716_probe-805124815_ecephys.nwb
2020-10-09T17:08:01-0400 [INFO    ] backups2datalad.py Asset in dataset, and hash shows no modification; will not update
2020-10-09T17:08:01-0400 [INFO    ] backups2datalad.py Syncing asset /sub-774672354/sub-774672354_ses-794812542.nwb
2020-10-09T17:08:01-0400 [INFO    ] backups2datalad.py Asset in dataset, and hash shows no modification; will not update
2020-10-09T17:08:01-0400 [INFO    ] backups2datalad.py Syncing asset /sub-774672354/sub-774672354_ses-794812542_probe-810758777_ecephys.nwb
2020-10-09T17:08:01-0400 [INFO    ] backups2datalad.py Asset in dataset, and hash shows no modification; will not update
2020-10-09T17:08:01-0400 [INFO    ] backups2datalad.py Syncing asset /sub-774672354/sub-774672354_ses-794812542_probe-810758779_ecephys.nwb
2020-10-09T17:08:02-0400 [INFO    ] backups2datalad.py Asset in dataset, and hash shows no modification; will not update
2020-10-09T17:08:02-0400 [INFO    ] backups2datalad.py Syncing asset /sub-774672354/sub-774672354_ses-794812542_probe-810758781_ecephys.nwb
2020-10-09T17:08:02-0400 [INFO    ] backups2datalad.py Asset in dataset, and hash shows no modification; will not update
2020-10-09T17:08:02-0400 [INFO    ] backups2datalad.py Syncing asset /sub-774672354/sub-774672354_ses-794812542_probe-810758783_ecephys.nwb
2020-10-09T17:08:02-0400 [INFO    ] backups2datalad.py Asset in dataset, and hash shows no modification; will not update
2020-10-09T17:08:02-0400 [INFO    ] backups2datalad.py Syncing asset /sub-774672354/sub-774672354_ses-794812542_probe-810758785_ecephys.nwb
2020-10-09T17:08:03-0400 [INFO    ] backups2datalad.py Asset in dataset, and hash shows no modification; will not update
2020-10-09T17:08:03-0400 [INFO    ] backups2datalad.py Syncing asset /sub-774672354/sub-774672354_ses-794812542_probe-810758787_ecephys.nwb
2020-10-09T17:08:03-0400 [INFO    ] backups2datalad.py Asset in dataset, and hash shows no modification; will not update
2020-10-09T17:08:03-0400 [INFO    ] backups2datalad.py Syncing asset /sub-791857600/sub-791857600_ses-816200189.nwb
2020-10-09T17:08:04-0400 [INFO    ] backups2datalad.py Asset in dataset, and hash shows no modification; will not update
2020-10-09T17:08:04-0400 [INFO    ] backups2datalad.py Syncing asset /sub-791857600/sub-791857600_ses-816200189_probe-836943713_ecephys.nwb
2020-10-09T17:08:04-0400 [INFO    ] backups2datalad.py Asset in dataset, and hash shows no modification; will not update
2020-10-09T17:08:04-0400 [INFO    ] backups2datalad.py Syncing asset /sub-791857600/sub-791857600_ses-816200189_probe-836943715_ecephys.nwb
2020-10-09T17:08:04-0400 [INFO    ] backups2datalad.py Asset in dataset, and hash shows no modification; will not update
2020-10-09T17:08:04-0400 [INFO    ] backups2datalad.py Syncing asset /sub-791857600/sub-791857600_ses-816200189_probe-836943717_ecephys.nwb
2020-10-09T17:08:05-0400 [INFO    ] backups2datalad.py Asset in dataset, and hash shows no modification; will not update
2020-10-09T17:08:05-0400 [INFO    ] backups2datalad.py Syncing asset /sub-791857600/sub-791857600_ses-816200189_probe-836943719_ecephys.nwb
2020-10-09T17:08:05-0400 [INFO    ] backups2datalad.py Asset in dataset, and hash shows no modification; will not update
2020-10-09T17:08:05-0400 [INFO    ] backups2datalad.py Syncing asset /sub-791857600/sub-791857600_ses-816200189_probe-836943721_ecephys.nwb
2020-10-09T17:08:05-0400 [INFO    ] backups2datalad.py Asset in dataset, and hash shows no modification; will not update
2020-10-09T17:08:05-0400 [INFO    ] backups2datalad.py Syncing asset /sub-795770029/sub-795770029_ses-819701982.nwb
2020-10-09T17:08:06-0400 [INFO    ] backups2datalad.py Asset in dataset, and hash shows no modification; will not update
2020-10-09T17:08:06-0400 [INFO    ] backups2datalad.py Syncing asset /sub-795770029/sub-795770029_ses-819701982_probe-836962814_ecephys.nwb
2020-10-09T17:08:06-0400 [INFO    ] backups2datalad.py Asset in dataset, and hash shows no modification; will not update
2020-10-09T17:08:06-0400 [INFO    ] backups2datalad.py Syncing asset /sub-795770029/sub-795770029_ses-819701982_probe-836962816_ecephys.nwb
2020-10-09T17:08:07-0400 [INFO    ] backups2datalad.py Asset in dataset, and hash shows no modification; will not update
2020-10-09T17:08:07-0400 [INFO    ] backups2datalad.py Syncing asset /sub-795770029/sub-795770029_ses-819701982_probe-836962820_ecephys.nwb
2020-10-09T17:08:07-0400 [INFO    ] backups2datalad.py Asset in dataset, and hash shows no modification; will not update
2020-10-09T17:08:07-0400 [INFO    ] backups2datalad.py Syncing asset /sub-795770029/sub-795770029_ses-819701982_probe-836962822_ecephys.nwb
2020-10-09T17:08:07-0400 [INFO    ] backups2datalad.py Asset in dataset, and hash shows no modification; will not update
2020-10-09T17:08:07-0400 [INFO    ] backups2datalad.py Syncing asset /sub-795770029/sub-795770029_ses-819701982_probe-836962824_ecephys.nwb
2020-10-09T17:08:08-0400 [INFO    ] backups2datalad.py Asset in dataset, and hash shows no modification; will not update
2020-10-09T17:08:08-0400 [INFO    ] backups2datalad.py Syncing asset /sub-800249582/sub-800249582_ses-819186360.nwb
2020-10-09T17:08:08-0400 [INFO    ] backups2datalad.py Asset in dataset, and hash shows no modification; will not update
2020-10-09T17:08:08-0400 [INFO    ] backups2datalad.py Syncing asset /sub-800249582/sub-800249582_ses-819186360_probe-820311754_ecephys.nwb
2020-10-09T17:08:09-0400 [INFO    ] backups2datalad.py Asset in dataset, and hash shows no modification; will not update
2020-10-09T17:08:09-0400 [INFO    ] backups2datalad.py Syncing asset /sub-800249582/sub-800249582_ses-819186360_probe-820311756_ecephys.nwb
2020-10-09T17:08:09-0400 [INFO    ] backups2datalad.py Asset in dataset, and hash shows no modification; will not update
2020-10-09T17:08:09-0400 [INFO    ] backups2datalad.py Syncing asset /sub-800249582/sub-800249582_ses-819186360_probe-820311760_ecephys.nwb
2020-10-09T17:08:09-0400 [INFO    ] backups2datalad.py Asset in dataset, and hash shows no modification; will not update
2020-10-09T17:08:09-0400 [INFO    ] backups2datalad.py Syncing asset /sub-800249582/sub-800249582_ses-819186360_probe-820311762_ecephys.nwb
2020-10-09T17:08:10-0400 [INFO    ] backups2datalad.py Asset in dataset, and hash shows no modification; will not update
2020-10-09T17:08:10-0400 [INFO    ] backups2datalad.py Syncing asset /sub-800249582/sub-800249582_ses-819186360_probe-820311764_ecephys.nwb
2020-10-09T17:08:10-0400 [INFO    ] backups2datalad.py Asset in dataset, and hash shows no modification; will not update
2020-10-09T17:08:10-0400 [INFO    ] backups2datalad.py Syncing asset /sub-800250054/sub-800250054_ses-821695405.nwb
2020-10-09T17:08:10-0400 [INFO    ] backups2datalad.py Asset in dataset, and hash shows no modification; will not update
2020-10-09T17:08:10-0400 [INFO    ] backups2datalad.py Syncing asset /sub-800250054/sub-800250054_ses-821695405_probe-822645893_ecephys.nwb
2020-10-09T17:08:11-0400 [INFO    ] backups2datalad.py Asset in dataset, and hash shows no modification; will not update
2020-10-09T17:08:11-0400 [INFO    ] backups2datalad.py Syncing asset /sub-800250054/sub-800250054_ses-821695405_probe-822645895_ecephys.nwb
2020-10-09T17:08:11-0400 [INFO    ] backups2datalad.py Asset in dataset, and hash shows no modification; will not update
2020-10-09T17:08:11-0400 [INFO    ] backups2datalad.py Syncing asset /sub-800250054/sub-800250054_ses-821695405_probe-822645897_ecephys.nwb
2020-10-09T17:08:11-0400 [INFO    ] backups2datalad.py Asset in dataset, and hash shows no modification; will not update
2020-10-09T17:08:11-0400 [INFO    ] backups2datalad.py Syncing asset /sub-800250054/sub-800250054_ses-821695405_probe-822645899_ecephys.nwb
2020-10-09T17:08:12-0400 [INFO    ] backups2datalad.py Asset in dataset, and hash shows no modification; will not update
2020-10-09T17:08:12-0400 [INFO    ] backups2datalad.py Syncing asset /sub-800250054/sub-800250054_ses-821695405_probe-822645901_ecephys.nwb
2020-10-09T17:08:12-0400 [INFO    ] backups2datalad.py Asset in dataset, and hash shows no modification; will not update
2020-10-09T17:08:12-0400 [INFO    ] backups2datalad.py Syncing asset /sub-803390283/sub-803390283_ses-831882777.nwb
2020-10-09T17:08:13-0400 [INFO    ] backups2datalad.py Asset in dataset, and hash shows no modification; will not update
2020-10-09T17:08:13-0400 [INFO    ] backups2datalad.py Syncing asset /sub-803390283/sub-803390283_ses-831882777_probe-832810573_ecephys.nwb
2020-10-09T17:08:13-0400 [INFO    ] backups2datalad.py Asset in dataset, and hash shows no modification; will not update
2020-10-09T17:08:13-0400 [INFO    ] backups2datalad.py Syncing asset /sub-803390283/sub-803390283_ses-831882777_probe-832810576_ecephys.nwb
2020-10-09T17:08:13-0400 [INFO    ] backups2datalad.py Asset in dataset, and hash shows no modification; will not update
2020-10-09T17:08:13-0400 [INFO    ] backups2datalad.py Syncing asset /sub-803390283/sub-803390283_ses-831882777_probe-832810578_ecephys.nwb
2020-10-09T17:08:14-0400 [INFO    ] backups2datalad.py Asset in dataset, and hash shows no modification; will not update
2020-10-09T17:08:14-0400 [INFO    ] backups2datalad.py Syncing asset /sub-803390283/sub-803390283_ses-831882777_probe-832810580_ecephys.nwb
2020-10-09T17:08:14-0400 [INFO    ] backups2datalad.py Asset in dataset, and hash shows no modification; will not update
2020-10-09T17:08:14-0400 [INFO    ] backups2datalad.py Syncing asset /sub-803390283/sub-803390283_ses-831882777_probe-832810582_ecephys.nwb
2020-10-09T17:08:14-0400 [INFO    ] backups2datalad.py Asset in dataset, and hash shows no modification; will not update
2020-10-09T17:08:14-0400 [INFO    ] backups2datalad.py Syncing asset /sub-811322604/sub-811322604_ses-829720705.nwb
2020-10-09T17:08:15-0400 [INFO    ] backups2datalad.py Asset in dataset, and hash shows no modification; will not update
2020-10-09T17:08:15-0400 [INFO    ] backups2datalad.py Syncing asset /sub-811322604/sub-811322604_ses-829720705_probe-832129149_ecephys.nwb
2020-10-09T17:08:15-0400 [INFO    ] backups2datalad.py Asset in dataset, and hash shows no modification; will not update
2020-10-09T17:08:15-0400 [INFO    ] backups2datalad.py Syncing asset /sub-811322604/sub-811322604_ses-829720705_probe-832129154_ecephys.nwb
2020-10-09T17:08:15-0400 [INFO    ] backups2datalad.py Asset in dataset, and hash shows no modification; will not update
2020-10-09T17:08:15-0400 [INFO    ] backups2datalad.py Syncing asset /sub-811322604/sub-811322604_ses-829720705_probe-832129157_ecephys.nwb
2020-10-09T17:08:16-0400 [INFO    ] backups2datalad.py Asset in dataset, and hash shows no modification; will not update
2020-10-09T17:08:16-0400 [INFO    ] backups2datalad.py Syncing asset /sub-811322604/sub-811322604_ses-829720705_probe-832129159_ecephys.nwb
2020-10-09T17:08:16-0400 [INFO    ] backups2datalad.py Asset in dataset, and hash shows no modification; will not update
2020-10-09T17:08:16-0400 [INFO    ] backups2datalad.py Syncing asset /sub-811322604/sub-811322604_ses-829720705_probe-832129161_ecephys.nwb
2020-10-09T17:08:16-0400 [INFO    ] backups2datalad.py Asset in dataset, and hash shows no modification; will not update
2020-10-09T17:08:16-0400 [INFO    ] backups2datalad.py Syncing asset /sub-813701555/sub-813701555_ses-835479236.nwb
2020-10-09T17:08:17-0400 [INFO    ] backups2datalad.py Asset in dataset, and hash shows no modification; will not update
2020-10-09T17:08:17-0400 [INFO    ] backups2datalad.py Syncing asset /sub-813701555/sub-813701555_ses-835479236_probe-837761708_ecephys.nwb
2020-10-09T17:08:17-0400 [INFO    ] backups2datalad.py Asset in dataset, and hash shows no modification; will not update
2020-10-09T17:08:17-0400 [INFO    ] backups2datalad.py Syncing asset /sub-813701555/sub-813701555_ses-835479236_probe-837761710_ecephys.nwb
2020-10-09T17:08:18-0400 [INFO    ] backups2datalad.py Asset in dataset, and hash shows no modification; will not update
2020-10-09T17:08:18-0400 [INFO    ] backups2datalad.py Syncing asset /sub-813701555/sub-813701555_ses-835479236_probe-837761712_ecephys.nwb
2020-10-09T17:08:18-0400 [INFO    ] backups2datalad.py Asset in dataset, and hash shows no modification; will not update
2020-10-09T17:08:18-0400 [INFO    ] backups2datalad.py Syncing asset /sub-813701555/sub-813701555_ses-835479236_probe-837761714_ecephys.nwb
2020-10-09T17:08:18-0400 [INFO    ] backups2datalad.py Asset in dataset, and hash shows no modification; will not update
2020-10-09T17:08:18-0400 [INFO    ] backups2datalad.py Syncing asset /sub-813701555/sub-813701555_ses-835479236_probe-837761716_ecephys.nwb
2020-10-09T17:08:19-0400 [INFO    ] backups2datalad.py Asset in dataset, and hash shows no modification; will not update
2020-10-09T17:08:19-0400 [INFO    ] backups2datalad.py Syncing asset /sub-817060743/sub-817060743_ses-839068429.nwb
2020-10-09T17:08:19-0400 [INFO    ] backups2datalad.py Asset in dataset, and hash shows no modification; will not update
2020-10-09T17:08:19-0400 [INFO    ] backups2datalad.py Syncing asset /sub-817060743/sub-817060743_ses-839068429_probe-841435557_ecephys.nwb
2020-10-09T17:08:19-0400 [INFO    ] backups2datalad.py Asset in dataset, and hash shows no modification; will not update
2020-10-09T17:08:19-0400 [INFO    ] backups2datalad.py Syncing asset /sub-817060743/sub-817060743_ses-839068429_probe-841435559_ecephys.nwb
2020-10-09T17:08:20-0400 [INFO    ] backups2datalad.py Asset in dataset, and hash shows no modification; will not update
2020-10-09T17:08:20-0400 [INFO    ] backups2datalad.py Syncing asset /sub-817060743/sub-817060743_ses-839068429_probe-868929135_ecephys.nwb
2020-10-09T17:08:20-0400 [INFO    ] backups2datalad.py Asset in dataset, and hash shows no modification; will not update
2020-10-09T17:08:20-0400 [INFO    ] backups2datalad.py Syncing asset /sub-817060743/sub-817060743_ses-839068429_probe-868929138_ecephys.nwb
2020-10-09T17:08:21-0400 [INFO    ] backups2datalad.py Asset in dataset, and hash shows no modification; will not update
2020-10-09T17:08:21-0400 [INFO    ] backups2datalad.py Syncing asset /sub-817060743/sub-817060743_ses-839068429_probe-868929140_ecephys.nwb
2020-10-09T17:08:21-0400 [INFO    ] backups2datalad.py Asset in dataset, and hash shows no modification; will not update
2020-10-09T17:08:21-0400 [INFO    ] backups2datalad.py Syncing asset /sub-817060743/sub-817060743_ses-839068429_probe-868929142_ecephys.nwb
2020-10-09T17:08:21-0400 [INFO    ] backups2datalad.py Asset in dataset, and hash shows no modification; will not update
2020-10-09T17:08:21-0400 [INFO    ] backups2datalad.py Syncing asset /sub-820866111/sub-820866111_ses-840012044.nwb
2020-10-09T17:08:22-0400 [INFO    ] backups2datalad.py Asset in dataset, and hash shows no modification; will not update
2020-10-09T17:08:22-0400 [INFO    ] backups2datalad.py Syncing asset /sub-820866111/sub-820866111_ses-840012044_probe-841431754_ecephys.nwb
2020-10-09T17:08:22-0400 [INFO    ] backups2datalad.py Asset in dataset, and hash shows no modification; will not update
2020-10-09T17:08:22-0400 [INFO    ] backups2datalad.py Syncing asset /sub-820866111/sub-820866111_ses-840012044_probe-841431758_ecephys.nwb
2020-10-09T17:08:22-0400 [INFO    ] backups2datalad.py Asset in dataset, and hash shows no modification; will not update
2020-10-09T17:08:22-0400 [INFO    ] backups2datalad.py Syncing asset /sub-820866111/sub-820866111_ses-840012044_probe-868297127_ecephys.nwb
2020-10-09T17:08:23-0400 [INFO    ] backups2datalad.py Asset in dataset, and hash shows no modification; will not update
2020-10-09T17:08:23-0400 [INFO    ] backups2datalad.py Syncing asset /sub-820866111/sub-820866111_ses-840012044_probe-868297129_ecephys.nwb
2020-10-09T17:08:23-0400 [INFO    ] backups2datalad.py Asset in dataset, and hash shows no modification; will not update
2020-10-09T17:08:23-0400 [INFO    ] backups2datalad.py Syncing asset /sub-820866111/sub-820866111_ses-840012044_probe-868297131_ecephys.nwb
2020-10-09T17:08:24-0400 [INFO    ] backups2datalad.py Asset in dataset, and hash shows no modification; will not update
2020-10-09T17:08:24-0400 [INFO    ] backups2datalad.py Syncing asset /sub-820866111/sub-820866111_ses-840012044_probe-868297133_ecephys.nwb
2020-10-09T17:08:24-0400 [INFO    ] backups2datalad.py Asset in dataset, and hash shows no modification; will not update
2020-10-09T17:08:24-0400 [INFO    ] backups2datalad.py Syncing asset /sub-821469659/sub-821469659_ses-839557629.nwb
2020-10-09T17:08:24-0400 [INFO    ] backups2datalad.py Asset in dataset, and hash shows no modification; will not update
2020-10-09T17:08:24-0400 [INFO    ] backups2datalad.py Syncing asset /sub-827809879/sub-827809879_ses-847657808.nwb
2020-10-09T17:08:25-0400 [INFO    ] backups2datalad.py Asset in dataset, and hash shows no modification; will not update
2020-10-09T17:08:25-0400 [INFO    ] backups2datalad.py Syncing asset /sub-827809879/sub-827809879_ses-847657808_probe-848037568_ecephys.nwb
2020-10-09T17:08:25-0400 [INFO    ] backups2datalad.py Asset in dataset, and hash shows no modification; will not update
2020-10-09T17:08:25-0400 [INFO    ] backups2datalad.py Syncing asset /sub-827809879/sub-827809879_ses-847657808_probe-848037570_ecephys.nwb
2020-10-09T17:08:25-0400 [INFO    ] backups2datalad.py Asset in dataset, and hash shows no modification; will not update
2020-10-09T17:08:25-0400 [INFO    ] backups2datalad.py Syncing asset /sub-827809879/sub-827809879_ses-847657808_probe-848037572_ecephys.nwb
2020-10-09T17:08:26-0400 [INFO    ] backups2datalad.py Asset in dataset, and hash shows no modification; will not update
2020-10-09T17:08:26-0400 [INFO    ] backups2datalad.py Syncing asset /sub-827809879/sub-827809879_ses-847657808_probe-848037574_ecephys.nwb
2020-10-09T17:08:26-0400 [INFO    ] backups2datalad.py Asset in dataset, and hash shows no modification; will not update
2020-10-09T17:08:26-0400 [INFO    ] backups2datalad.py Syncing asset /sub-827809879/sub-827809879_ses-847657808_probe-848037576_ecephys.nwb
2020-10-09T17:08:26-0400 [INFO    ] backups2datalad.py Asset in dataset, and hash shows no modification; will not update
2020-10-09T17:08:26-0400 [INFO    ] backups2datalad.py Syncing asset /sub-827809879/sub-827809879_ses-847657808_probe-848037578_ecephys.nwb
2020-10-09T17:08:27-0400 [INFO    ] backups2datalad.py Asset in dataset, and hash shows no modification; will not update
2020-10-09T17:08:27-0400 [INFO    ] backups2datalad.py Commiting changes
2020-10-09T17:08:27-0400 [INFO    ] backups2datalad.py Creating GitHub sibling for 000022
2020-10-09T17:08:27-0400 [INFO    ] backups2datalad.py Pushing to sibling
2020-10-09T17:08:27-0400 [INFO    ] datalad.core.distributed.push Determine push target
2020-10-09T17:08:27-0400 [INFO    ] datalad.core.distributed.push Push refspecs
2020-10-09T17:08:27-0400 [INFO    ] datalad.core.distributed.push Transfer data
2020-10-09T17:08:27-0400 [INFO    ] datalad.core.distributed.push Update availability information
2020-10-09T17:08:29-0400 [INFO    ] datalad.gitrepo Start enumerating objects
2020-10-09T17:08:29-0400 [INFO    ] datalad.gitrepo Finished enumerating objects
2020-10-09T17:08:29-0400 [INFO    ] datalad.gitrepo Start counting objects
2020-10-09T17:08:29-0400 [INFO    ] datalad.gitrepo Counting objects:   9% (1/11)
2020-10-09T17:08:29-0400 [INFO    ] datalad.gitrepo Counting objects:  18% (2/11)
2020-10-09T17:08:29-0400 [INFO    ] datalad.gitrepo Counting objects:  27% (3/11)
2020-10-09T17:08:29-0400 [INFO    ] datalad.gitrepo Counting objects:  36% (4/11)
2020-10-09T17:08:29-0400 [INFO    ] datalad.gitrepo Counting objects:  45% (5/11)
2020-10-09T17:08:29-0400 [INFO    ] datalad.gitrepo Counting objects:  54% (6/11)
2020-10-09T17:08:29-0400 [INFO    ] datalad.gitrepo Counting objects:  63% (7/11)
2020-10-09T17:08:29-0400 [INFO    ] datalad.gitrepo Counting objects:  72% (8/11)
2020-10-09T17:08:29-0400 [INFO    ] datalad.gitrepo Counting objects:  81% (9/11)
2020-10-09T17:08:29-0400 [INFO    ] datalad.gitrepo Counting objects:  90% (10/11)
2020-10-09T17:08:29-0400 [INFO    ] datalad.gitrepo Counting objects: 100% (11/11)
2020-10-09T17:08:29-0400 [INFO    ] datalad.gitrepo Counting objects: 100% (11/11), done.
2020-10-09T17:08:29-0400 [INFO    ] datalad.gitrepo Finished counting objects
2020-10-09T17:08:29-0400 [INFO    ] datalad.gitrepo Start compressing objects
2020-10-09T17:08:29-0400 [INFO    ] datalad.gitrepo Compressing objects:  14% (1/7)
2020-10-09T17:08:29-0400 [INFO    ] datalad.gitrepo Compressing objects:  28% (2/7)
2020-10-09T17:08:29-0400 [INFO    ] datalad.gitrepo Compressing objects:  42% (3/7)
2020-10-09T17:08:29-0400 [INFO    ] datalad.gitrepo Compressing objects:  57% (4/7)
2020-10-09T17:08:29-0400 [INFO    ] datalad.gitrepo Compressing objects:  71% (5/7)
2020-10-09T17:08:29-0400 [INFO    ] datalad.gitrepo Compressing objects:  85% (6/7)
2020-10-09T17:08:29-0400 [INFO    ] datalad.gitrepo Compressing objects: 100% (7/7)
2020-10-09T17:08:29-0400 [INFO    ] datalad.gitrepo Compressing objects: 100% (7/7), done.
2020-10-09T17:08:29-0400 [INFO    ] datalad.gitrepo Finished compressing objects
2020-10-09T17:08:29-0400 [INFO    ] datalad.gitrepo Start writing objects
2020-10-09T17:08:29-0400 [INFO    ] datalad.gitrepo Writing objects:  14% (1/7)
2020-10-09T17:08:29-0400 [INFO    ] datalad.gitrepo Writing objects:  28% (2/7)
2020-10-09T17:08:29-0400 [INFO    ] datalad.gitrepo Writing objects:  42% (3/7)
2020-10-09T17:08:29-0400 [INFO    ] datalad.gitrepo Writing objects:  57% (4/7)
2020-10-09T17:08:29-0400 [INFO    ] datalad.gitrepo Writing objects:  71% (5/7)
2020-10-09T17:08:29-0400 [INFO    ] datalad.gitrepo Writing objects:  85% (6/7)
2020-10-09T17:08:29-0400 [INFO    ] datalad.gitrepo Writing objects: 100% (7/7)
2020-10-09T17:08:29-0400 [INFO    ] datalad.gitrepo Writing objects: 100% (7/7), 3.67 KiB | 939.00 KiB/s, done.
2020-10-09T17:08:29-0400 [INFO    ] datalad.gitrepo Finished writing objects
2020-10-09T17:08:29-0400 [INFO    ] datalad.gitrepo Start resolving deltas
2020-10-09T17:08:29-0400 [INFO    ] datalad.gitrepo remote: Resolving deltas:   0% (0/3)
2020-10-09T17:08:29-0400 [INFO    ] datalad.gitrepo remote: Resolving deltas:  33% (1/3)
2020-10-09T17:08:29-0400 [INFO    ] datalad.gitrepo remote: Resolving deltas: 100% (3/3)
2020-10-09T17:08:29-0400 [INFO    ] datalad.gitrepo remote: Resolving deltas: 100% (3/3), completed with 2 local objects.
2020-10-09T17:08:31-0400 [INFO    ] datalad.gitrepo Finished
2020-10-09T17:08:31-0400 [INFO    ] datalad.core.distributed.push Finished push of Dataset(/mnt/backup/dandi/dandiarchive-replica/000022)
