2020-10-12T13:25:25-0400 [INFO    ] dandi Traversing remote dandisets (000022) recursively
2020-10-12T13:25:25-0400 [INFO    ] backups2datalad.py Updating metadata file
2020-10-12T13:25:35-0400 [INFO    ] backups2datalad.py Syncing asset /sub-744912845/sub-744912845_ses-766640955.nwb
2020-10-12T13:25:36-0400 [INFO    ] backups2datalad.py Asset in dataset, and hash shows no modification; will not update
2020-10-12T13:25:36-0400 [INFO    ] backups2datalad.py Syncing asset /sub-744912845/sub-744912845_ses-766640955_probe-773592315_ecephys.nwb
2020-10-12T13:25:36-0400 [INFO    ] backups2datalad.py Asset in dataset, and hash shows no modification; will not update
2020-10-12T13:25:36-0400 [INFO    ] backups2datalad.py Syncing asset /sub-744912845/sub-744912845_ses-766640955_probe-773592318_ecephys.nwb
2020-10-12T13:25:37-0400 [INFO    ] backups2datalad.py Asset in dataset, and hash shows no modification; will not update
2020-10-12T13:25:37-0400 [INFO    ] backups2datalad.py Syncing asset /sub-744912845/sub-744912845_ses-766640955_probe-773592320_ecephys.nwb
2020-10-12T13:25:37-0400 [INFO    ] backups2datalad.py Asset in dataset, and hash shows no modification; will not update
2020-10-12T13:25:37-0400 [INFO    ] backups2datalad.py Syncing asset /sub-744912845/sub-744912845_ses-766640955_probe-773592324_ecephys.nwb
2020-10-12T13:25:37-0400 [INFO    ] backups2datalad.py Asset in dataset, and hash shows no modification; will not update
2020-10-12T13:25:37-0400 [INFO    ] backups2datalad.py Syncing asset /sub-744912845/sub-744912845_ses-766640955_probe-773592328_ecephys.nwb
2020-10-12T13:25:38-0400 [INFO    ] backups2datalad.py Asset in dataset, and hash shows no modification; will not update
2020-10-12T13:25:38-0400 [INFO    ] backups2datalad.py Syncing asset /sub-744912845/sub-744912845_ses-766640955_probe-773592330_ecephys.nwb
2020-10-12T13:25:38-0400 [INFO    ] backups2datalad.py Asset in dataset, and hash shows no modification; will not update
2020-10-12T13:25:38-0400 [INFO    ] backups2datalad.py Syncing asset /sub-753795604/sub-753795604_ses-767871931.nwb
2020-10-12T13:25:39-0400 [INFO    ] backups2datalad.py Asset in dataset, and hash shows no modification; will not update
2020-10-12T13:25:39-0400 [INFO    ] backups2datalad.py Syncing asset /sub-753795604/sub-753795604_ses-767871931_probe-773462985_ecephys.nwb
2020-10-12T13:25:39-0400 [INFO    ] backups2datalad.py Asset in dataset, and hash shows no modification; will not update
2020-10-12T13:25:39-0400 [INFO    ] backups2datalad.py Syncing asset /sub-753795604/sub-753795604_ses-767871931_probe-773462990_ecephys.nwb
2020-10-12T13:25:39-0400 [INFO    ] backups2datalad.py Asset in dataset, and hash shows no modification; will not update
2020-10-12T13:25:39-0400 [INFO    ] backups2datalad.py Syncing asset /sub-753795604/sub-753795604_ses-767871931_probe-773462993_ecephys.nwb
2020-10-12T13:25:40-0400 [INFO    ] backups2datalad.py Asset in dataset, and hash shows no modification; will not update
2020-10-12T13:25:40-0400 [INFO    ] backups2datalad.py Syncing asset /sub-753795604/sub-753795604_ses-767871931_probe-773462995_ecephys.nwb
2020-10-12T13:25:40-0400 [INFO    ] backups2datalad.py Asset in dataset, and hash shows no modification; will not update
2020-10-12T13:25:40-0400 [INFO    ] backups2datalad.py Syncing asset /sub-753795604/sub-753795604_ses-767871931_probe-773462997_ecephys.nwb
2020-10-12T13:25:40-0400 [INFO    ] backups2datalad.py Asset in dataset, and hash shows no modification; will not update
2020-10-12T13:25:40-0400 [INFO    ] backups2datalad.py Syncing asset /sub-753795604/sub-753795604_ses-767871931_probe-773462999_ecephys.nwb
2020-10-12T13:25:41-0400 [INFO    ] backups2datalad.py Asset in dataset, and hash shows no modification; will not update
2020-10-12T13:25:41-0400 [INFO    ] backups2datalad.py Syncing asset /sub-754477355/sub-754477355_ses-768515987.nwb
2020-10-12T13:25:41-0400 [INFO    ] backups2datalad.py Asset in dataset, and hash shows no modification; will not update
2020-10-12T13:25:41-0400 [INFO    ] backups2datalad.py Syncing asset /sub-754477355/sub-754477355_ses-768515987_probe-773549842_ecephys.nwb
2020-10-12T13:25:41-0400 [INFO    ] backups2datalad.py Asset in dataset, and hash shows no modification; will not update
2020-10-12T13:25:41-0400 [INFO    ] backups2datalad.py Syncing asset /sub-754477355/sub-754477355_ses-768515987_probe-773549846_ecephys.nwb
2020-10-12T13:25:42-0400 [INFO    ] backups2datalad.py Asset in dataset, and hash shows no modification; will not update
2020-10-12T13:25:42-0400 [INFO    ] backups2datalad.py Syncing asset /sub-754477355/sub-754477355_ses-768515987_probe-773549848_ecephys.nwb
2020-10-12T13:25:42-0400 [INFO    ] backups2datalad.py Asset in dataset, and hash shows no modification; will not update
2020-10-12T13:25:42-0400 [INFO    ] backups2datalad.py Syncing asset /sub-754477355/sub-754477355_ses-768515987_probe-773549850_ecephys.nwb
2020-10-12T13:25:43-0400 [INFO    ] backups2datalad.py Asset in dataset, and hash shows no modification; will not update
2020-10-12T13:25:43-0400 [INFO    ] backups2datalad.py Syncing asset /sub-754477355/sub-754477355_ses-768515987_probe-773549852_ecephys.nwb
2020-10-12T13:25:43-0400 [INFO    ] backups2datalad.py Asset in dataset, and hash shows no modification; will not update
2020-10-12T13:25:43-0400 [INFO    ] backups2datalad.py Syncing asset /sub-754477355/sub-754477355_ses-768515987_probe-773549856_ecephys.nwb
2020-10-12T13:25:43-0400 [INFO    ] backups2datalad.py Asset in dataset, and hash shows no modification; will not update
2020-10-12T13:25:43-0400 [INFO    ] backups2datalad.py Syncing asset /sub-754488976/sub-754488976_ses-771160300.nwb
2020-10-12T13:25:44-0400 [INFO    ] backups2datalad.py Asset in dataset, and hash shows no modification; will not update
2020-10-12T13:25:44-0400 [INFO    ] backups2datalad.py Syncing asset /sub-754488976/sub-754488976_ses-771160300_probe-773621937_ecephys.nwb
2020-10-12T13:25:44-0400 [INFO    ] backups2datalad.py Asset in dataset, and hash shows no modification; will not update
2020-10-12T13:25:44-0400 [INFO    ] backups2datalad.py Syncing asset /sub-754488976/sub-754488976_ses-771160300_probe-773621939_ecephys.nwb
2020-10-12T13:25:44-0400 [INFO    ] backups2datalad.py Asset in dataset, and hash shows no modification; will not update
2020-10-12T13:25:44-0400 [INFO    ] backups2datalad.py Syncing asset /sub-754488976/sub-754488976_ses-771160300_probe-773621942_ecephys.nwb
2020-10-12T13:25:45-0400 [INFO    ] backups2datalad.py Asset in dataset, and hash shows no modification; will not update
2020-10-12T13:25:45-0400 [INFO    ] backups2datalad.py Syncing asset /sub-754488976/sub-754488976_ses-771160300_probe-773621945_ecephys.nwb
2020-10-12T13:25:45-0400 [INFO    ] backups2datalad.py Asset in dataset, and hash shows no modification; will not update
2020-10-12T13:25:45-0400 [INFO    ] backups2datalad.py Syncing asset /sub-754488976/sub-754488976_ses-771160300_probe-773621948_ecephys.nwb
2020-10-12T13:25:46-0400 [INFO    ] backups2datalad.py Asset in dataset, and hash shows no modification; will not update
2020-10-12T13:25:46-0400 [INFO    ] backups2datalad.py Syncing asset /sub-754488976/sub-754488976_ses-771160300_probe-773621950_ecephys.nwb
2020-10-12T13:25:46-0400 [INFO    ] backups2datalad.py Asset in dataset, and hash shows no modification; will not update
2020-10-12T13:25:46-0400 [INFO    ] backups2datalad.py Syncing asset /sub-756578432/sub-756578432_ses-771990200.nwb
2020-10-12T13:25:46-0400 [INFO    ] backups2datalad.py Asset in dataset, and hash shows no modification; will not update
2020-10-12T13:25:46-0400 [INFO    ] backups2datalad.py Syncing asset /sub-756578432/sub-756578432_ses-771990200_probe-773654723_ecephys.nwb
2020-10-12T13:25:47-0400 [INFO    ] backups2datalad.py Asset in dataset, and hash shows no modification; will not update
2020-10-12T13:25:47-0400 [INFO    ] backups2datalad.py Syncing asset /sub-756578432/sub-756578432_ses-771990200_probe-773654726_ecephys.nwb
2020-10-12T13:25:47-0400 [INFO    ] backups2datalad.py Asset in dataset, and hash shows no modification; will not update
2020-10-12T13:25:47-0400 [INFO    ] backups2datalad.py Syncing asset /sub-756578432/sub-756578432_ses-771990200_probe-773654728_ecephys.nwb
2020-10-12T13:25:47-0400 [INFO    ] backups2datalad.py Asset in dataset, and hash shows no modification; will not update
2020-10-12T13:25:47-0400 [INFO    ] backups2datalad.py Syncing asset /sub-756578432/sub-756578432_ses-771990200_probe-773654730_ecephys.nwb
2020-10-12T13:25:48-0400 [INFO    ] backups2datalad.py Asset in dataset, and hash shows no modification; will not update
2020-10-12T13:25:48-0400 [INFO    ] backups2datalad.py Syncing asset /sub-756578432/sub-756578432_ses-771990200_probe-773654732_ecephys.nwb
2020-10-12T13:25:48-0400 [INFO    ] backups2datalad.py Asset in dataset, and hash shows no modification; will not update
2020-10-12T13:25:48-0400 [INFO    ] backups2datalad.py Syncing asset /sub-756578432/sub-756578432_ses-771990200_probe-773654734_ecephys.nwb
2020-10-12T13:25:48-0400 [INFO    ] backups2datalad.py Asset in dataset, and hash shows no modification; will not update
2020-10-12T13:25:48-0400 [INFO    ] backups2datalad.py Syncing asset /sub-759674767/sub-759674767_ses-778998620.nwb
2020-10-12T13:25:49-0400 [INFO    ] backups2datalad.py Asset in dataset, and hash shows no modification; will not update
2020-10-12T13:25:49-0400 [INFO    ] backups2datalad.py Syncing asset /sub-759674767/sub-759674767_ses-778998620_probe-792626841_ecephys.nwb
2020-10-12T13:25:49-0400 [INFO    ] backups2datalad.py Asset in dataset, and hash shows no modification; will not update
2020-10-12T13:25:49-0400 [INFO    ] backups2datalad.py Syncing asset /sub-759674767/sub-759674767_ses-778998620_probe-792626844_ecephys.nwb
2020-10-12T13:25:50-0400 [INFO    ] backups2datalad.py Asset in dataset, and hash shows no modification; will not update
2020-10-12T13:25:50-0400 [INFO    ] backups2datalad.py Syncing asset /sub-759674767/sub-759674767_ses-778998620_probe-792626847_ecephys.nwb
2020-10-12T13:25:50-0400 [INFO    ] backups2datalad.py Asset in dataset, and hash shows no modification; will not update
2020-10-12T13:25:50-0400 [INFO    ] backups2datalad.py Syncing asset /sub-759674767/sub-759674767_ses-778998620_probe-792626851_ecephys.nwb
2020-10-12T13:25:50-0400 [INFO    ] backups2datalad.py Asset in dataset, and hash shows no modification; will not update
2020-10-12T13:25:50-0400 [INFO    ] backups2datalad.py Syncing asset /sub-759674767/sub-759674767_ses-778998620_probe-792626853_ecephys.nwb
2020-10-12T13:25:51-0400 [INFO    ] backups2datalad.py Asset in dataset, and hash shows no modification; will not update
2020-10-12T13:25:51-0400 [INFO    ] backups2datalad.py Syncing asset /sub-759674767/sub-759674767_ses-778998620_probe-792626855_ecephys.nwb
2020-10-12T13:25:51-0400 [INFO    ] backups2datalad.py Asset in dataset, and hash shows no modification; will not update
2020-10-12T13:25:51-0400 [INFO    ] backups2datalad.py Syncing asset /sub-759711149/sub-759711149_ses-774875821.nwb
2020-10-12T13:25:51-0400 [INFO    ] backups2datalad.py Asset in dataset, and hash shows no modification; will not update
2020-10-12T13:25:51-0400 [INFO    ] backups2datalad.py Syncing asset /sub-759711149/sub-759711149_ses-774875821_probe-792602650_ecephys.nwb
2020-10-12T13:25:52-0400 [INFO    ] backups2datalad.py Asset in dataset, and hash shows no modification; will not update
2020-10-12T13:25:52-0400 [INFO    ] backups2datalad.py Syncing asset /sub-759711149/sub-759711149_ses-774875821_probe-792602652_ecephys.nwb
2020-10-12T13:25:52-0400 [INFO    ] backups2datalad.py Asset in dataset, and hash shows no modification; will not update
2020-10-12T13:25:52-0400 [INFO    ] backups2datalad.py Syncing asset /sub-759711149/sub-759711149_ses-774875821_probe-792602654_ecephys.nwb
2020-10-12T13:25:53-0400 [INFO    ] backups2datalad.py Asset in dataset, and hash shows no modification; will not update
2020-10-12T13:25:53-0400 [INFO    ] backups2datalad.py Syncing asset /sub-759711149/sub-759711149_ses-774875821_probe-792602656_ecephys.nwb
2020-10-12T13:25:53-0400 [INFO    ] backups2datalad.py Asset in dataset, and hash shows no modification; will not update
2020-10-12T13:25:53-0400 [INFO    ] backups2datalad.py Syncing asset /sub-759711149/sub-759711149_ses-774875821_probe-792602658_ecephys.nwb
2020-10-12T13:25:53-0400 [INFO    ] backups2datalad.py Asset in dataset, and hash shows no modification; will not update
2020-10-12T13:25:53-0400 [INFO    ] backups2datalad.py Syncing asset /sub-759711149/sub-759711149_ses-774875821_probe-792602660_ecephys.nwb
2020-10-12T13:25:54-0400 [INFO    ] backups2datalad.py Asset in dataset, and hash shows no modification; will not update
2020-10-12T13:25:54-0400 [INFO    ] backups2datalad.py Syncing asset /sub-760938794/sub-760938794_ses-778240327.nwb
2020-10-12T13:25:54-0400 [INFO    ] backups2datalad.py Asset in dataset, and hash shows no modification; will not update
2020-10-12T13:25:54-0400 [INFO    ] backups2datalad.py Syncing asset /sub-760938794/sub-760938794_ses-778240327_probe-792607545_ecephys.nwb
2020-10-12T13:25:54-0400 [INFO    ] backups2datalad.py Asset in dataset, and hash shows no modification; will not update
2020-10-12T13:25:54-0400 [INFO    ] backups2datalad.py Syncing asset /sub-760938794/sub-760938794_ses-778240327_probe-792607547_ecephys.nwb
2020-10-12T13:25:55-0400 [INFO    ] backups2datalad.py Asset in dataset, and hash shows no modification; will not update
2020-10-12T13:25:55-0400 [INFO    ] backups2datalad.py Syncing asset /sub-760938794/sub-760938794_ses-778240327_probe-792607549_ecephys.nwb
2020-10-12T13:25:55-0400 [INFO    ] backups2datalad.py Asset in dataset, and hash shows no modification; will not update
2020-10-12T13:25:55-0400 [INFO    ] backups2datalad.py Syncing asset /sub-760938794/sub-760938794_ses-778240327_probe-792607553_ecephys.nwb
2020-10-12T13:25:55-0400 [INFO    ] backups2datalad.py Asset in dataset, and hash shows no modification; will not update
2020-10-12T13:25:55-0400 [INFO    ] backups2datalad.py Syncing asset /sub-760938794/sub-760938794_ses-778240327_probe-792607557_ecephys.nwb
2020-10-12T13:25:56-0400 [INFO    ] backups2datalad.py Asset in dataset, and hash shows no modification; will not update
2020-10-12T13:25:56-0400 [INFO    ] backups2datalad.py Syncing asset /sub-760938794/sub-760938794_ses-778240327_probe-792607559_ecephys.nwb
2020-10-12T13:25:56-0400 [INFO    ] backups2datalad.py Asset in dataset, and hash shows no modification; will not update
2020-10-12T13:25:56-0400 [INFO    ] backups2datalad.py Syncing asset /sub-760946810/sub-760946810_ses-781842082.nwb
2020-10-12T13:25:57-0400 [INFO    ] backups2datalad.py Asset in dataset, and hash shows no modification; will not update
2020-10-12T13:25:57-0400 [INFO    ] backups2datalad.py Syncing asset /sub-760946810/sub-760946810_ses-781842082_probe-792586876_ecephys.nwb
2020-10-12T13:25:57-0400 [INFO    ] backups2datalad.py Asset in dataset, and hash shows no modification; will not update
2020-10-12T13:25:57-0400 [INFO    ] backups2datalad.py Syncing asset /sub-760946810/sub-760946810_ses-781842082_probe-792586879_ecephys.nwb
2020-10-12T13:25:57-0400 [INFO    ] backups2datalad.py Asset in dataset, and hash shows no modification; will not update
2020-10-12T13:25:57-0400 [INFO    ] backups2datalad.py Syncing asset /sub-760946810/sub-760946810_ses-781842082_probe-792586881_ecephys.nwb
2020-10-12T13:25:58-0400 [INFO    ] backups2datalad.py Asset in dataset, and hash shows no modification; will not update
2020-10-12T13:25:58-0400 [INFO    ] backups2datalad.py Syncing asset /sub-760946810/sub-760946810_ses-781842082_probe-792586883_ecephys.nwb
2020-10-12T13:25:58-0400 [INFO    ] backups2datalad.py Asset in dataset, and hash shows no modification; will not update
2020-10-12T13:25:58-0400 [INFO    ] backups2datalad.py Syncing asset /sub-760946810/sub-760946810_ses-781842082_probe-792586887_ecephys.nwb
2020-10-12T13:25:58-0400 [INFO    ] backups2datalad.py Asset in dataset, and hash shows no modification; will not update
2020-10-12T13:25:58-0400 [INFO    ] backups2datalad.py Syncing asset /sub-760946810/sub-760946810_ses-781842082_probe-792586891_ecephys.nwb
2020-10-12T13:25:59-0400 [INFO    ] backups2datalad.py Asset in dataset, and hash shows no modification; will not update
2020-10-12T13:25:59-0400 [INFO    ] backups2datalad.py Syncing asset /sub-760960650/sub-760960650_ses-779839471.nwb
2020-10-12T13:25:59-0400 [INFO    ] backups2datalad.py Asset in dataset, and hash shows no modification; will not update
2020-10-12T13:25:59-0400 [INFO    ] backups2datalad.py Syncing asset /sub-760960650/sub-760960650_ses-779839471_probe-792645490_ecephys.nwb
2020-10-12T13:25:59-0400 [INFO    ] backups2datalad.py Asset in dataset, and hash shows no modification; will not update
2020-10-12T13:25:59-0400 [INFO    ] backups2datalad.py Syncing asset /sub-760960650/sub-760960650_ses-779839471_probe-792645493_ecephys.nwb
2020-10-12T13:26:00-0400 [INFO    ] backups2datalad.py Asset in dataset, and hash shows no modification; will not update
2020-10-12T13:26:00-0400 [INFO    ] backups2datalad.py Syncing asset /sub-760960650/sub-760960650_ses-779839471_probe-792645497_ecephys.nwb
2020-10-12T13:26:00-0400 [INFO    ] backups2datalad.py Asset in dataset, and hash shows no modification; will not update
2020-10-12T13:26:00-0400 [INFO    ] backups2datalad.py Syncing asset /sub-760960650/sub-760960650_ses-779839471_probe-792645499_ecephys.nwb
2020-10-12T13:26:01-0400 [INFO    ] backups2datalad.py Asset in dataset, and hash shows no modification; will not update
2020-10-12T13:26:01-0400 [INFO    ] backups2datalad.py Syncing asset /sub-760960650/sub-760960650_ses-779839471_probe-792645501_ecephys.nwb
2020-10-12T13:26:01-0400 [INFO    ] backups2datalad.py Asset in dataset, and hash shows no modification; will not update
2020-10-12T13:26:01-0400 [INFO    ] backups2datalad.py Syncing asset /sub-760960650/sub-760960650_ses-779839471_probe-792645504_ecephys.nwb
2020-10-12T13:26:01-0400 [INFO    ] backups2datalad.py Asset in dataset, and hash shows no modification; will not update
2020-10-12T13:26:01-0400 [INFO    ] backups2datalad.py Syncing asset /sub-763236006/sub-763236006_ses-787025148.nwb
2020-10-12T13:26:02-0400 [INFO    ] backups2datalad.py Asset in dataset, and hash shows no modification; will not update
2020-10-12T13:26:02-0400 [INFO    ] backups2datalad.py Syncing asset /sub-763236006/sub-763236006_ses-787025148_probe-792586836_ecephys.nwb
2020-10-12T13:26:02-0400 [INFO    ] backups2datalad.py Asset in dataset, and hash shows no modification; will not update
2020-10-12T13:26:02-0400 [INFO    ] backups2datalad.py Syncing asset /sub-763236006/sub-763236006_ses-787025148_probe-792586840_ecephys.nwb
2020-10-12T13:26:02-0400 [INFO    ] backups2datalad.py Asset in dataset, and hash shows no modification; will not update
2020-10-12T13:26:02-0400 [INFO    ] backups2datalad.py Syncing asset /sub-763236006/sub-763236006_ses-787025148_probe-792586842_ecephys.nwb
2020-10-12T13:26:03-0400 [INFO    ] backups2datalad.py Asset in dataset, and hash shows no modification; will not update
2020-10-12T13:26:03-0400 [INFO    ] backups2datalad.py Syncing asset /sub-763236006/sub-763236006_ses-787025148_probe-792586845_ecephys.nwb
2020-10-12T13:26:03-0400 [INFO    ] backups2datalad.py Asset in dataset, and hash shows no modification; will not update
2020-10-12T13:26:03-0400 [INFO    ] backups2datalad.py Syncing asset /sub-763236006/sub-763236006_ses-787025148_probe-792586848_ecephys.nwb
2020-10-12T13:26:04-0400 [INFO    ] backups2datalad.py Asset in dataset, and hash shows no modification; will not update
2020-10-12T13:26:04-0400 [INFO    ] backups2datalad.py Syncing asset /sub-763236006/sub-763236006_ses-787025148_probe-792586852_ecephys.nwb
2020-10-12T13:26:04-0400 [INFO    ] backups2datalad.py Asset in dataset, and hash shows no modification; will not update
2020-10-12T13:26:04-0400 [INFO    ] backups2datalad.py Syncing asset /sub-763808588/sub-763808588_ses-789848216.nwb
2020-10-12T13:26:04-0400 [INFO    ] backups2datalad.py Asset in dataset, and hash shows no modification; will not update
2020-10-12T13:26:04-0400 [INFO    ] backups2datalad.py Syncing asset /sub-763808588/sub-763808588_ses-789848216_probe-805002027_ecephys.nwb
2020-10-12T13:26:05-0400 [INFO    ] backups2datalad.py Asset in dataset, and hash shows no modification; will not update
2020-10-12T13:26:05-0400 [INFO    ] backups2datalad.py Syncing asset /sub-763808588/sub-763808588_ses-789848216_probe-805002029_ecephys.nwb
2020-10-12T13:26:05-0400 [INFO    ] backups2datalad.py Asset in dataset, and hash shows no modification; will not update
2020-10-12T13:26:05-0400 [INFO    ] backups2datalad.py Syncing asset /sub-763808588/sub-763808588_ses-789848216_probe-805002031_ecephys.nwb
2020-10-12T13:26:05-0400 [INFO    ] backups2datalad.py Asset in dataset, and hash shows no modification; will not update
2020-10-12T13:26:05-0400 [INFO    ] backups2datalad.py Syncing asset /sub-763808588/sub-763808588_ses-789848216_probe-805002033_ecephys.nwb
2020-10-12T13:26:06-0400 [INFO    ] backups2datalad.py Asset in dataset, and hash shows no modification; will not update
2020-10-12T13:26:06-0400 [INFO    ] backups2datalad.py Syncing asset /sub-763808588/sub-763808588_ses-789848216_probe-805002035_ecephys.nwb
2020-10-12T13:26:06-0400 [INFO    ] backups2datalad.py Asset in dataset, and hash shows no modification; will not update
2020-10-12T13:26:06-0400 [INFO    ] backups2datalad.py Syncing asset /sub-763808588/sub-763808588_ses-789848216_probe-805002037_ecephys.nwb
2020-10-12T13:26:07-0400 [INFO    ] backups2datalad.py Asset in dataset, and hash shows no modification; will not update
2020-10-12T13:26:07-0400 [INFO    ] backups2datalad.py Syncing asset /sub-763884096/sub-763884096_ses-786091066.nwb
2020-10-12T13:26:07-0400 [INFO    ] backups2datalad.py Asset in dataset, and hash shows no modification; will not update
2020-10-12T13:26:07-0400 [INFO    ] backups2datalad.py Syncing asset /sub-763884096/sub-763884096_ses-786091066_probe-792623916_ecephys.nwb
2020-10-12T13:26:07-0400 [INFO    ] backups2datalad.py Asset in dataset, and hash shows no modification; will not update
2020-10-12T13:26:07-0400 [INFO    ] backups2datalad.py Syncing asset /sub-763884096/sub-763884096_ses-786091066_probe-792623919_ecephys.nwb
2020-10-12T13:26:08-0400 [INFO    ] backups2datalad.py Asset in dataset, and hash shows no modification; will not update
2020-10-12T13:26:08-0400 [INFO    ] backups2datalad.py Syncing asset /sub-763884096/sub-763884096_ses-786091066_probe-792623921_ecephys.nwb
2020-10-12T13:26:08-0400 [INFO    ] backups2datalad.py Asset in dataset, and hash shows no modification; will not update
2020-10-12T13:26:08-0400 [INFO    ] backups2datalad.py Syncing asset /sub-763884096/sub-763884096_ses-786091066_probe-792623925_ecephys.nwb
2020-10-12T13:26:08-0400 [INFO    ] backups2datalad.py Asset in dataset, and hash shows no modification; will not update
2020-10-12T13:26:08-0400 [INFO    ] backups2datalad.py Syncing asset /sub-763884096/sub-763884096_ses-786091066_probe-792623928_ecephys.nwb
2020-10-12T13:26:09-0400 [INFO    ] backups2datalad.py Asset in dataset, and hash shows no modification; will not update
2020-10-12T13:26:09-0400 [INFO    ] backups2datalad.py Syncing asset /sub-763884096/sub-763884096_ses-786091066_probe-792623931_ecephys.nwb
2020-10-12T13:26:09-0400 [INFO    ] backups2datalad.py Asset in dataset, and hash shows no modification; will not update
2020-10-12T13:26:09-0400 [INFO    ] backups2datalad.py Syncing asset /sub-769319621/sub-769319621_ses-793224716.nwb
2020-10-12T13:26:09-0400 [INFO    ] backups2datalad.py Asset in dataset, and hash shows no modification; will not update
2020-10-12T13:26:09-0400 [INFO    ] backups2datalad.py Syncing asset /sub-769319621/sub-769319621_ses-793224716_probe-805124802_ecephys.nwb
2020-10-12T13:26:10-0400 [INFO    ] backups2datalad.py Asset in dataset, and hash shows no modification; will not update
2020-10-12T13:26:10-0400 [INFO    ] backups2datalad.py Syncing asset /sub-769319621/sub-769319621_ses-793224716_probe-805124804_ecephys.nwb
2020-10-12T13:26:10-0400 [INFO    ] backups2datalad.py Asset in dataset, and hash shows no modification; will not update
2020-10-12T13:26:10-0400 [INFO    ] backups2datalad.py Syncing asset /sub-769319621/sub-769319621_ses-793224716_probe-805124806_ecephys.nwb
2020-10-12T13:26:11-0400 [INFO    ] backups2datalad.py Asset in dataset, and hash shows no modification; will not update
2020-10-12T13:26:11-0400 [INFO    ] backups2datalad.py Syncing asset /sub-769319621/sub-769319621_ses-793224716_probe-805124809_ecephys.nwb
2020-10-12T13:26:11-0400 [INFO    ] backups2datalad.py Asset in dataset, and hash shows no modification; will not update
2020-10-12T13:26:11-0400 [INFO    ] backups2datalad.py Syncing asset /sub-769319621/sub-769319621_ses-793224716_probe-805124812_ecephys.nwb
2020-10-12T13:26:11-0400 [INFO    ] backups2datalad.py Asset in dataset, and hash shows no modification; will not update
2020-10-12T13:26:11-0400 [INFO    ] backups2datalad.py Syncing asset /sub-769319621/sub-769319621_ses-793224716_probe-805124815_ecephys.nwb
2020-10-12T13:26:12-0400 [INFO    ] backups2datalad.py Asset in dataset, and hash shows no modification; will not update
2020-10-12T13:26:12-0400 [INFO    ] backups2datalad.py Syncing asset /sub-774672354/sub-774672354_ses-794812542.nwb
2020-10-12T13:26:12-0400 [INFO    ] backups2datalad.py Asset in dataset, and hash shows no modification; will not update
2020-10-12T13:26:12-0400 [INFO    ] backups2datalad.py Syncing asset /sub-774672354/sub-774672354_ses-794812542_probe-810758777_ecephys.nwb
2020-10-12T13:26:12-0400 [INFO    ] backups2datalad.py Asset in dataset, and hash shows no modification; will not update
2020-10-12T13:26:12-0400 [INFO    ] backups2datalad.py Syncing asset /sub-774672354/sub-774672354_ses-794812542_probe-810758779_ecephys.nwb
2020-10-12T13:26:13-0400 [INFO    ] backups2datalad.py Asset in dataset, and hash shows no modification; will not update
2020-10-12T13:26:13-0400 [INFO    ] backups2datalad.py Syncing asset /sub-774672354/sub-774672354_ses-794812542_probe-810758781_ecephys.nwb
2020-10-12T13:26:13-0400 [INFO    ] backups2datalad.py Asset in dataset, and hash shows no modification; will not update
2020-10-12T13:26:13-0400 [INFO    ] backups2datalad.py Syncing asset /sub-774672354/sub-774672354_ses-794812542_probe-810758783_ecephys.nwb
2020-10-12T13:26:14-0400 [INFO    ] backups2datalad.py Asset in dataset, and hash shows no modification; will not update
2020-10-12T13:26:14-0400 [INFO    ] backups2datalad.py Syncing asset /sub-774672354/sub-774672354_ses-794812542_probe-810758785_ecephys.nwb
2020-10-12T13:26:14-0400 [INFO    ] backups2datalad.py Asset in dataset, and hash shows no modification; will not update
2020-10-12T13:26:14-0400 [INFO    ] backups2datalad.py Syncing asset /sub-774672354/sub-774672354_ses-794812542_probe-810758787_ecephys.nwb
2020-10-12T13:26:14-0400 [INFO    ] backups2datalad.py Asset in dataset, and hash shows no modification; will not update
2020-10-12T13:26:14-0400 [INFO    ] backups2datalad.py Syncing asset /sub-791857600/sub-791857600_ses-816200189.nwb
2020-10-12T13:26:15-0400 [INFO    ] backups2datalad.py Asset in dataset, and hash shows no modification; will not update
2020-10-12T13:26:15-0400 [INFO    ] backups2datalad.py Syncing asset /sub-791857600/sub-791857600_ses-816200189_probe-836943713_ecephys.nwb
2020-10-12T13:26:15-0400 [INFO    ] backups2datalad.py Asset in dataset, and hash shows no modification; will not update
2020-10-12T13:26:15-0400 [INFO    ] backups2datalad.py Syncing asset /sub-791857600/sub-791857600_ses-816200189_probe-836943715_ecephys.nwb
2020-10-12T13:26:16-0400 [INFO    ] backups2datalad.py Asset in dataset, and hash shows no modification; will not update
2020-10-12T13:26:16-0400 [INFO    ] backups2datalad.py Syncing asset /sub-791857600/sub-791857600_ses-816200189_probe-836943717_ecephys.nwb
2020-10-12T13:26:16-0400 [INFO    ] backups2datalad.py Asset in dataset, and hash shows no modification; will not update
2020-10-12T13:26:16-0400 [INFO    ] backups2datalad.py Syncing asset /sub-791857600/sub-791857600_ses-816200189_probe-836943719_ecephys.nwb
2020-10-12T13:26:16-0400 [INFO    ] backups2datalad.py Asset in dataset, and hash shows no modification; will not update
2020-10-12T13:26:16-0400 [INFO    ] backups2datalad.py Syncing asset /sub-791857600/sub-791857600_ses-816200189_probe-836943721_ecephys.nwb
2020-10-12T13:26:17-0400 [INFO    ] backups2datalad.py Asset in dataset, and hash shows no modification; will not update
2020-10-12T13:26:17-0400 [INFO    ] backups2datalad.py Syncing asset /sub-795770029/sub-795770029_ses-819701982.nwb
2020-10-12T13:26:17-0400 [INFO    ] backups2datalad.py Asset in dataset, and hash shows no modification; will not update
2020-10-12T13:26:17-0400 [INFO    ] backups2datalad.py Syncing asset /sub-795770029/sub-795770029_ses-819701982_probe-836962814_ecephys.nwb
2020-10-12T13:26:17-0400 [INFO    ] backups2datalad.py Asset in dataset, and hash shows no modification; will not update
2020-10-12T13:26:17-0400 [INFO    ] backups2datalad.py Syncing asset /sub-795770029/sub-795770029_ses-819701982_probe-836962816_ecephys.nwb
2020-10-12T13:26:18-0400 [INFO    ] backups2datalad.py Asset in dataset, and hash shows no modification; will not update
2020-10-12T13:26:18-0400 [INFO    ] backups2datalad.py Syncing asset /sub-795770029/sub-795770029_ses-819701982_probe-836962820_ecephys.nwb
2020-10-12T13:26:18-0400 [INFO    ] backups2datalad.py Asset in dataset, and hash shows no modification; will not update
2020-10-12T13:26:18-0400 [INFO    ] backups2datalad.py Syncing asset /sub-795770029/sub-795770029_ses-819701982_probe-836962822_ecephys.nwb
2020-10-12T13:26:18-0400 [INFO    ] backups2datalad.py Asset in dataset, and hash shows no modification; will not update
2020-10-12T13:26:18-0400 [INFO    ] backups2datalad.py Syncing asset /sub-795770029/sub-795770029_ses-819701982_probe-836962824_ecephys.nwb
2020-10-12T13:26:19-0400 [INFO    ] backups2datalad.py Asset in dataset, and hash shows no modification; will not update
2020-10-12T13:26:19-0400 [INFO    ] backups2datalad.py Syncing asset /sub-800249582/sub-800249582_ses-819186360.nwb
2020-10-12T13:26:19-0400 [INFO    ] backups2datalad.py Asset in dataset, and hash shows no modification; will not update
2020-10-12T13:26:19-0400 [INFO    ] backups2datalad.py Syncing asset /sub-800249582/sub-800249582_ses-819186360_probe-820311754_ecephys.nwb
2020-10-12T13:26:20-0400 [INFO    ] backups2datalad.py Asset in dataset, and hash shows no modification; will not update
2020-10-12T13:26:20-0400 [INFO    ] backups2datalad.py Syncing asset /sub-800249582/sub-800249582_ses-819186360_probe-820311756_ecephys.nwb
2020-10-12T13:26:20-0400 [INFO    ] backups2datalad.py Asset in dataset, and hash shows no modification; will not update
2020-10-12T13:26:20-0400 [INFO    ] backups2datalad.py Syncing asset /sub-800249582/sub-800249582_ses-819186360_probe-820311760_ecephys.nwb
2020-10-12T13:26:20-0400 [INFO    ] backups2datalad.py Asset in dataset, and hash shows no modification; will not update
2020-10-12T13:26:20-0400 [INFO    ] backups2datalad.py Syncing asset /sub-800249582/sub-800249582_ses-819186360_probe-820311762_ecephys.nwb
2020-10-12T13:26:21-0400 [INFO    ] backups2datalad.py Asset in dataset, and hash shows no modification; will not update
2020-10-12T13:26:21-0400 [INFO    ] backups2datalad.py Syncing asset /sub-800249582/sub-800249582_ses-819186360_probe-820311764_ecephys.nwb
2020-10-12T13:26:21-0400 [INFO    ] backups2datalad.py Asset in dataset, and hash shows no modification; will not update
2020-10-12T13:26:21-0400 [INFO    ] backups2datalad.py Syncing asset /sub-800250054/sub-800250054_ses-821695405.nwb
2020-10-12T13:26:22-0400 [INFO    ] backups2datalad.py Asset in dataset, and hash shows no modification; will not update
2020-10-12T13:26:22-0400 [INFO    ] backups2datalad.py Syncing asset /sub-800250054/sub-800250054_ses-821695405_probe-822645893_ecephys.nwb
2020-10-12T13:26:22-0400 [INFO    ] backups2datalad.py Asset in dataset, and hash shows no modification; will not update
2020-10-12T13:26:22-0400 [INFO    ] backups2datalad.py Syncing asset /sub-800250054/sub-800250054_ses-821695405_probe-822645895_ecephys.nwb
2020-10-12T13:26:22-0400 [INFO    ] backups2datalad.py Asset in dataset, and hash shows no modification; will not update
2020-10-12T13:26:22-0400 [INFO    ] backups2datalad.py Syncing asset /sub-800250054/sub-800250054_ses-821695405_probe-822645897_ecephys.nwb
2020-10-12T13:26:23-0400 [INFO    ] backups2datalad.py Asset in dataset, and hash shows no modification; will not update
2020-10-12T13:26:23-0400 [INFO    ] backups2datalad.py Syncing asset /sub-800250054/sub-800250054_ses-821695405_probe-822645899_ecephys.nwb
2020-10-12T13:26:23-0400 [INFO    ] backups2datalad.py Asset in dataset, and hash shows no modification; will not update
2020-10-12T13:26:23-0400 [INFO    ] backups2datalad.py Syncing asset /sub-800250054/sub-800250054_ses-821695405_probe-822645901_ecephys.nwb
2020-10-12T13:26:23-0400 [INFO    ] backups2datalad.py Asset in dataset, and hash shows no modification; will not update
2020-10-12T13:26:23-0400 [INFO    ] backups2datalad.py Syncing asset /sub-803390283/sub-803390283_ses-831882777.nwb
2020-10-12T13:26:24-0400 [INFO    ] backups2datalad.py Asset in dataset, and hash shows no modification; will not update
2020-10-12T13:26:24-0400 [INFO    ] backups2datalad.py Syncing asset /sub-803390283/sub-803390283_ses-831882777_probe-832810573_ecephys.nwb
2020-10-12T13:26:24-0400 [INFO    ] backups2datalad.py Asset in dataset, and hash shows no modification; will not update
2020-10-12T13:26:24-0400 [INFO    ] backups2datalad.py Syncing asset /sub-803390283/sub-803390283_ses-831882777_probe-832810576_ecephys.nwb
2020-10-12T13:26:24-0400 [INFO    ] backups2datalad.py Asset in dataset, and hash shows no modification; will not update
2020-10-12T13:26:24-0400 [INFO    ] backups2datalad.py Syncing asset /sub-803390283/sub-803390283_ses-831882777_probe-832810578_ecephys.nwb
2020-10-12T13:26:25-0400 [INFO    ] backups2datalad.py Asset in dataset, and hash shows no modification; will not update
2020-10-12T13:26:25-0400 [INFO    ] backups2datalad.py Syncing asset /sub-803390283/sub-803390283_ses-831882777_probe-832810580_ecephys.nwb
2020-10-12T13:26:25-0400 [INFO    ] backups2datalad.py Asset in dataset, and hash shows no modification; will not update
2020-10-12T13:26:25-0400 [INFO    ] backups2datalad.py Syncing asset /sub-803390283/sub-803390283_ses-831882777_probe-832810582_ecephys.nwb
2020-10-12T13:26:26-0400 [INFO    ] backups2datalad.py Asset in dataset, and hash shows no modification; will not update
2020-10-12T13:26:26-0400 [INFO    ] backups2datalad.py Syncing asset /sub-811322604/sub-811322604_ses-829720705.nwb
2020-10-12T13:26:26-0400 [INFO    ] backups2datalad.py Asset in dataset, and hash shows no modification; will not update
2020-10-12T13:26:26-0400 [INFO    ] backups2datalad.py Syncing asset /sub-811322604/sub-811322604_ses-829720705_probe-832129149_ecephys.nwb
2020-10-12T13:26:26-0400 [INFO    ] backups2datalad.py Asset in dataset, and hash shows no modification; will not update
2020-10-12T13:26:26-0400 [INFO    ] backups2datalad.py Syncing asset /sub-811322604/sub-811322604_ses-829720705_probe-832129154_ecephys.nwb
2020-10-12T13:26:27-0400 [INFO    ] backups2datalad.py Asset in dataset, and hash shows no modification; will not update
2020-10-12T13:26:27-0400 [INFO    ] backups2datalad.py Syncing asset /sub-811322604/sub-811322604_ses-829720705_probe-832129157_ecephys.nwb
2020-10-12T13:26:27-0400 [INFO    ] backups2datalad.py Asset in dataset, and hash shows no modification; will not update
2020-10-12T13:26:27-0400 [INFO    ] backups2datalad.py Syncing asset /sub-811322604/sub-811322604_ses-829720705_probe-832129159_ecephys.nwb
2020-10-12T13:26:27-0400 [INFO    ] backups2datalad.py Asset in dataset, and hash shows no modification; will not update
2020-10-12T13:26:27-0400 [INFO    ] backups2datalad.py Syncing asset /sub-811322604/sub-811322604_ses-829720705_probe-832129161_ecephys.nwb
2020-10-12T13:26:28-0400 [INFO    ] backups2datalad.py Asset in dataset, and hash shows no modification; will not update
2020-10-12T13:26:28-0400 [INFO    ] backups2datalad.py Syncing asset /sub-813701555/sub-813701555_ses-835479236.nwb
2020-10-12T13:26:28-0400 [INFO    ] backups2datalad.py Asset in dataset, and hash shows no modification; will not update
2020-10-12T13:26:28-0400 [INFO    ] backups2datalad.py Syncing asset /sub-813701555/sub-813701555_ses-835479236_probe-837761708_ecephys.nwb
2020-10-12T13:26:29-0400 [INFO    ] backups2datalad.py Asset in dataset, and hash shows no modification; will not update
2020-10-12T13:26:29-0400 [INFO    ] backups2datalad.py Syncing asset /sub-813701555/sub-813701555_ses-835479236_probe-837761710_ecephys.nwb
2020-10-12T13:26:29-0400 [INFO    ] backups2datalad.py Asset in dataset, and hash shows no modification; will not update
2020-10-12T13:26:29-0400 [INFO    ] backups2datalad.py Syncing asset /sub-813701555/sub-813701555_ses-835479236_probe-837761712_ecephys.nwb
2020-10-12T13:26:29-0400 [INFO    ] backups2datalad.py Asset in dataset, and hash shows no modification; will not update
2020-10-12T13:26:29-0400 [INFO    ] backups2datalad.py Syncing asset /sub-813701555/sub-813701555_ses-835479236_probe-837761714_ecephys.nwb
2020-10-12T13:26:30-0400 [INFO    ] backups2datalad.py Asset in dataset, and hash shows no modification; will not update
2020-10-12T13:26:30-0400 [INFO    ] backups2datalad.py Syncing asset /sub-813701555/sub-813701555_ses-835479236_probe-837761716_ecephys.nwb
2020-10-12T13:26:30-0400 [INFO    ] backups2datalad.py Asset in dataset, and hash shows no modification; will not update
2020-10-12T13:26:30-0400 [INFO    ] backups2datalad.py Syncing asset /sub-817060743/sub-817060743_ses-839068429.nwb
2020-10-12T13:26:30-0400 [INFO    ] backups2datalad.py Asset in dataset, and hash shows no modification; will not update
2020-10-12T13:26:30-0400 [INFO    ] backups2datalad.py Syncing asset /sub-817060743/sub-817060743_ses-839068429_probe-841435557_ecephys.nwb
2020-10-12T13:26:31-0400 [INFO    ] backups2datalad.py Asset in dataset, and hash shows no modification; will not update
2020-10-12T13:26:31-0400 [INFO    ] backups2datalad.py Syncing asset /sub-817060743/sub-817060743_ses-839068429_probe-841435559_ecephys.nwb
2020-10-12T13:26:31-0400 [INFO    ] backups2datalad.py Asset in dataset, and hash shows no modification; will not update
2020-10-12T13:26:31-0400 [INFO    ] backups2datalad.py Syncing asset /sub-817060743/sub-817060743_ses-839068429_probe-868929135_ecephys.nwb
2020-10-12T13:26:31-0400 [INFO    ] backups2datalad.py Asset in dataset, and hash shows no modification; will not update
2020-10-12T13:26:31-0400 [INFO    ] backups2datalad.py Syncing asset /sub-817060743/sub-817060743_ses-839068429_probe-868929138_ecephys.nwb
2020-10-12T13:26:32-0400 [INFO    ] backups2datalad.py Asset in dataset, and hash shows no modification; will not update
2020-10-12T13:26:32-0400 [INFO    ] backups2datalad.py Syncing asset /sub-817060743/sub-817060743_ses-839068429_probe-868929140_ecephys.nwb
2020-10-12T13:26:32-0400 [INFO    ] backups2datalad.py Asset in dataset, and hash shows no modification; will not update
2020-10-12T13:26:32-0400 [INFO    ] backups2datalad.py Syncing asset /sub-817060743/sub-817060743_ses-839068429_probe-868929142_ecephys.nwb
2020-10-12T13:26:33-0400 [INFO    ] backups2datalad.py Asset in dataset, and hash shows no modification; will not update
2020-10-12T13:26:33-0400 [INFO    ] backups2datalad.py Syncing asset /sub-820866111/sub-820866111_ses-840012044.nwb
2020-10-12T13:26:33-0400 [INFO    ] backups2datalad.py Asset in dataset, and hash shows no modification; will not update
2020-10-12T13:26:33-0400 [INFO    ] backups2datalad.py Syncing asset /sub-820866111/sub-820866111_ses-840012044_probe-841431754_ecephys.nwb
2020-10-12T13:26:33-0400 [INFO    ] backups2datalad.py Asset in dataset, and hash shows no modification; will not update
2020-10-12T13:26:33-0400 [INFO    ] backups2datalad.py Syncing asset /sub-820866111/sub-820866111_ses-840012044_probe-841431758_ecephys.nwb
2020-10-12T13:26:34-0400 [INFO    ] backups2datalad.py Asset in dataset, and hash shows no modification; will not update
2020-10-12T13:26:34-0400 [INFO    ] backups2datalad.py Syncing asset /sub-820866111/sub-820866111_ses-840012044_probe-868297127_ecephys.nwb
2020-10-12T13:26:34-0400 [INFO    ] backups2datalad.py Asset in dataset, and hash shows no modification; will not update
2020-10-12T13:26:34-0400 [INFO    ] backups2datalad.py Syncing asset /sub-820866111/sub-820866111_ses-840012044_probe-868297129_ecephys.nwb
2020-10-12T13:26:34-0400 [INFO    ] backups2datalad.py Asset in dataset, and hash shows no modification; will not update
2020-10-12T13:26:34-0400 [INFO    ] backups2datalad.py Syncing asset /sub-820866111/sub-820866111_ses-840012044_probe-868297131_ecephys.nwb
2020-10-12T13:26:35-0400 [INFO    ] backups2datalad.py Asset in dataset, and hash shows no modification; will not update
2020-10-12T13:26:35-0400 [INFO    ] backups2datalad.py Syncing asset /sub-820866111/sub-820866111_ses-840012044_probe-868297133_ecephys.nwb
2020-10-12T13:26:35-0400 [INFO    ] backups2datalad.py Asset in dataset, and hash shows no modification; will not update
2020-10-12T13:26:35-0400 [INFO    ] backups2datalad.py Syncing asset /sub-821469659/sub-821469659_ses-839557629.nwb
2020-10-12T13:26:36-0400 [INFO    ] backups2datalad.py Asset in dataset, and hash shows no modification; will not update
2020-10-12T13:26:36-0400 [INFO    ] backups2datalad.py Syncing asset /sub-827809879/sub-827809879_ses-847657808.nwb
2020-10-12T13:26:36-0400 [INFO    ] backups2datalad.py Asset in dataset, and hash shows no modification; will not update
2020-10-12T13:26:36-0400 [INFO    ] backups2datalad.py Syncing asset /sub-827809879/sub-827809879_ses-847657808_probe-848037568_ecephys.nwb
2020-10-12T13:26:36-0400 [INFO    ] backups2datalad.py Asset in dataset, and hash shows no modification; will not update
2020-10-12T13:26:36-0400 [INFO    ] backups2datalad.py Syncing asset /sub-827809879/sub-827809879_ses-847657808_probe-848037570_ecephys.nwb
2020-10-12T13:26:37-0400 [INFO    ] backups2datalad.py Asset in dataset, and hash shows no modification; will not update
2020-10-12T13:26:37-0400 [INFO    ] backups2datalad.py Syncing asset /sub-827809879/sub-827809879_ses-847657808_probe-848037572_ecephys.nwb
2020-10-12T13:26:37-0400 [INFO    ] backups2datalad.py Asset in dataset, and hash shows no modification; will not update
2020-10-12T13:26:37-0400 [INFO    ] backups2datalad.py Syncing asset /sub-827809879/sub-827809879_ses-847657808_probe-848037574_ecephys.nwb
2020-10-12T13:26:37-0400 [INFO    ] backups2datalad.py Asset in dataset, and hash shows no modification; will not update
2020-10-12T13:26:37-0400 [INFO    ] backups2datalad.py Syncing asset /sub-827809879/sub-827809879_ses-847657808_probe-848037576_ecephys.nwb
2020-10-12T13:26:38-0400 [INFO    ] backups2datalad.py Asset in dataset, and hash shows no modification; will not update
2020-10-12T13:26:38-0400 [INFO    ] backups2datalad.py Syncing asset /sub-827809879/sub-827809879_ses-847657808_probe-848037578_ecephys.nwb
2020-10-12T13:26:38-0400 [INFO    ] backups2datalad.py Asset in dataset, and hash shows no modification; will not update
2020-10-12T13:26:38-0400 [INFO    ] backups2datalad.py Commiting changes
